09/17/2020 12:32:21 PM INFO snmpQuery.snmpGet [line = 12] : New Get Query [v:1, myhome, localhost, 161, ['1.3.6.1.2.1.1.5.0']]
09/17/2020 12:32:21 PM INFO snmpQuery.snmpGet [line = 12] : New Get Query [v:1, GustavoGarciaSanchez, localhost, 161, ['1.3.6.1.2.1.1.5.0']]
09/17/2020 12:32:21 PM INFO snmpQuery.snmpGet [line = 12] : New Get Query [v:1, myhome, localhost, 161, ['1.3.6.1.2.1.5.21.0', '1.3.6.1.2.1.4.3.0', '1.3.6.1.2.1.6.10.0', '1.3.6.1.2.1.7.4.0']]
09/17/2020 12:32:21 PM INFO snmpQuery.snmpGet [line = 12] : New Get Query [v:1, GustavoGarciaSanchez, localhost, 161, ['1.3.6.1.2.1.5.21.0', '1.3.6.1.2.1.4.3.0', '1.3.6.1.2.1.6.10.0', '1.3.6.1.2.1.7.4.0']]
09/17/2020 12:32:22 PM INFO snmpQuery.snmpWalk [line = 41] : New Walk Query [v:1, myhome, localhost, 161, 1.3.6.1.2.1.2.2.1.11]
09/17/2020 12:32:22 PM INFO snmpQuery.snmpWalk [line = 41] : New Walk Query [v:1, GustavoGarciaSanchez, localhost, 161, 1.3.6.1.2.1.2.2.1.11]
09/17/2020 12:32:32 PM INFO snmpQuery.snmpGet [line = 12] : New Get Query [v:1, GustavoGarciaSanchez, localhost, 161, ['1.3.6.1.2.1.5.21.0', '1.3.6.1.2.1.4.3.0', '1.3.6.1.2.1.6.10.0', '1.3.6.1.2.1.7.4.0']]
09/17/2020 12:32:32 PM INFO snmpQuery.snmpGet [line = 12] : New Get Query [v:1, myhome, localhost, 161, ['1.3.6.1.2.1.5.21.0', '1.3.6.1.2.1.4.3.0', '1.3.6.1.2.1.6.10.0', '1.3.6.1.2.1.7.4.0']]
09/17/2020 12:32:32 PM INFO snmpQuery.snmpWalk [line = 41] : New Walk Query [v:1, GustavoGarciaSanchez, localhost, 161, 1.3.6.1.2.1.2.2.1.11]
09/17/2020 12:32:32 PM INFO snmpQuery.snmpWalk [line = 41] : New Walk Query [v:1, myhome, localhost, 161, 1.3.6.1.2.1.2.2.1.11]
09/17/2020 12:32:42 PM INFO snmpQuery.snmpGet [line = 12] : New Get Query [v:1, GustavoGarciaSanchez, localhost, 161, ['1.3.6.1.2.1.5.21.0', '1.3.6.1.2.1.4.3.0', '1.3.6.1.2.1.6.10.0', '1.3.6.1.2.1.7.4.0']]
09/17/2020 12:32:42 PM INFO snmpQuery.snmpGet [line = 12] : New Get Query [v:1, myhome, localhost, 161, ['1.3.6.1.2.1.5.21.0', '1.3.6.1.2.1.4.3.0', '1.3.6.1.2.1.6.10.0', '1.3.6.1.2.1.7.4.0']]
09/17/2020 12:32:42 PM INFO snmpQuery.snmpWalk [line = 41] : New Walk Query [v:1, GustavoGarciaSanchez, localhost, 161, 1.3.6.1.2.1.2.2.1.11]
09/17/2020 12:32:42 PM INFO snmpQuery.snmpWalk [line = 41] : New Walk Query [v:1, myhome, localhost, 161, 1.3.6.1.2.1.2.2.1.11]
09/17/2020 12:32:43 PM INFO snmpQuery.snmpWalk [line = 41] : New Walk Query [v:1, GustavoGarciaSanchez, localhost, 161, 1.3.6.1.2.1.1]
09/17/2020 12:32:43 PM INFO snmpQuery.snmpWalk [line = 41] : New Walk Query [v:1, GustavoGarciaSanchez, localhost, 161, 1.3.6.1.2.1.2]
09/17/2020 12:32:43 PM INFO snmpQuery.snmpWalk [line = 41] : New Walk Query [v:1, GustavoGarciaSanchez, localhost, 161, 1.3.6.1.4.1.2021.4]
09/17/2020 12:32:43 PM INFO snmpQuery.snmpWalk [line = 41] : New Walk Query [v:1, GustavoGarciaSanchez, localhost, 161, 1.3.6.1.2.1.25.3.3.1.2]
09/17/2020 12:32:43 PM INFO snmpQuery.snmpWalk [line = 41] : New Walk Query [v:1, GustavoGarciaSanchez, localhost, 161, 1.3.6.1.2.1.25.3.6.1]
09/17/2020 12:32:44 PM INFO snmpQuery.snmpWalk [line = 41] : New Walk Query [v:1, GustavoGarciaSanchez, localhost, 161, 1.3.6.1.2.1.25.3.6.1.4]
09/17/2020 12:32:52 PM INFO snmpQuery.snmpGet [line = 12] : New Get Query [v:1, GustavoGarciaSanchez, localhost, 161, ['1.3.6.1.2.1.5.21.0', '1.3.6.1.2.1.4.3.0', '1.3.6.1.2.1.6.10.0', '1.3.6.1.2.1.7.4.0']]
09/17/2020 12:32:52 PM INFO snmpQuery.snmpGet [line = 12] : New Get Query [v:1, myhome, localhost, 161, ['1.3.6.1.2.1.5.21.0', '1.3.6.1.2.1.4.3.0', '1.3.6.1.2.1.6.10.0', '1.3.6.1.2.1.7.4.0']]
09/17/2020 12:32:52 PM INFO snmpQuery.snmpWalk [line = 41] : New Walk Query [v:1, GustavoGarciaSanchez, localhost, 161, 1.3.6.1.2.1.2.2.1.11]
09/17/2020 12:32:52 PM INFO snmpQuery.snmpWalk [line = 41] : New Walk Query [v:1, myhome, localhost, 161, 1.3.6.1.2.1.2.2.1.11]
09/17/2020 12:33:03 PM INFO snmpQuery.snmpGet [line = 12] : New Get Query [v:1, GustavoGarciaSanchez, localhost, 161, ['1.3.6.1.2.1.5.21.0', '1.3.6.1.2.1.4.3.0', '1.3.6.1.2.1.6.10.0', '1.3.6.1.2.1.7.4.0']]
09/17/2020 12:33:03 PM INFO snmpQuery.snmpGet [line = 12] : New Get Query [v:1, myhome, localhost, 161, ['1.3.6.1.2.1.5.21.0', '1.3.6.1.2.1.4.3.0', '1.3.6.1.2.1.6.10.0', '1.3.6.1.2.1.7.4.0']]
09/17/2020 12:33:03 PM INFO snmpQuery.snmpWalk [line = 41] : New Walk Query [v:1, GustavoGarciaSanchez, localhost, 161, 1.3.6.1.2.1.2.2.1.11]
09/17/2020 12:33:03 PM INFO snmpQuery.snmpWalk [line = 41] : New Walk Query [v:1, myhome, localhost, 161, 1.3.6.1.2.1.2.2.1.11]
09/17/2020 12:33:13 PM INFO snmpQuery.snmpGet [line = 12] : New Get Query [v:1, GustavoGarciaSanchez, localhost, 161, ['1.3.6.1.2.1.5.21.0', '1.3.6.1.2.1.4.3.0', '1.3.6.1.2.1.6.10.0', '1.3.6.1.2.1.7.4.0']]
09/17/2020 12:33:13 PM INFO snmpQuery.snmpWalk [line = 41] : New Walk Query [v:1, GustavoGarciaSanchez, localhost, 161, 1.3.6.1.2.1.2.2.1.11]
09/17/2020 12:33:13 PM INFO snmpQuery.snmpGet [line = 12] : New Get Query [v:1, myhome, localhost, 161, ['1.3.6.1.2.1.5.21.0', '1.3.6.1.2.1.4.3.0', '1.3.6.1.2.1.6.10.0', '1.3.6.1.2.1.7.4.0']]
09/17/2020 12:33:13 PM INFO snmpQuery.snmpWalk [line = 41] : New Walk Query [v:1, myhome, localhost, 161, 1.3.6.1.2.1.2.2.1.11]
09/17/2020 12:33:23 PM INFO snmpQuery.snmpGet [line = 12] : New Get Query [v:1, GustavoGarciaSanchez, localhost, 161, ['1.3.6.1.2.1.5.21.0', '1.3.6.1.2.1.4.3.0', '1.3.6.1.2.1.6.10.0', '1.3.6.1.2.1.7.4.0']]
09/17/2020 12:33:23 PM INFO snmpQuery.snmpGet [line = 12] : New Get Query [v:1, myhome, localhost, 161, ['1.3.6.1.2.1.5.21.0', '1.3.6.1.2.1.4.3.0', '1.3.6.1.2.1.6.10.0', '1.3.6.1.2.1.7.4.0']]
09/17/2020 12:33:23 PM INFO snmpQuery.snmpWalk [line = 41] : New Walk Query [v:1, GustavoGarciaSanchez, localhost, 161, 1.3.6.1.2.1.2.2.1.11]
09/17/2020 12:33:23 PM INFO snmpQuery.snmpWalk [line = 41] : New Walk Query [v:1, myhome, localhost, 161, 1.3.6.1.2.1.2.2.1.11]
09/17/2020 12:33:34 PM INFO snmpQuery.snmpGet [line = 12] : New Get Query [v:1, GustavoGarciaSanchez, localhost, 161, ['1.3.6.1.2.1.5.21.0', '1.3.6.1.2.1.4.3.0', '1.3.6.1.2.1.6.10.0', '1.3.6.1.2.1.7.4.0']]
09/17/2020 12:33:34 PM INFO snmpQuery.snmpGet [line = 12] : New Get Query [v:1, myhome, localhost, 161, ['1.3.6.1.2.1.5.21.0', '1.3.6.1.2.1.4.3.0', '1.3.6.1.2.1.6.10.0', '1.3.6.1.2.1.7.4.0']]
09/17/2020 12:33:34 PM INFO snmpQuery.snmpWalk [line = 41] : New Walk Query [v:1, GustavoGarciaSanchez, localhost, 161, 1.3.6.1.2.1.2.2.1.11]
09/17/2020 12:33:34 PM INFO snmpQuery.snmpWalk [line = 41] : New Walk Query [v:1, myhome, localhost, 161, 1.3.6.1.2.1.2.2.1.11]
09/17/2020 12:33:44 PM INFO snmpQuery.snmpGet [line = 12] : New Get Query [v:1, GustavoGarciaSanchez, localhost, 161, ['1.3.6.1.2.1.5.21.0', '1.3.6.1.2.1.4.3.0', '1.3.6.1.2.1.6.10.0', '1.3.6.1.2.1.7.4.0']]
09/17/2020 12:33:44 PM INFO snmpQuery.snmpGet [line = 12] : New Get Query [v:1, myhome, localhost, 161, ['1.3.6.1.2.1.5.21.0', '1.3.6.1.2.1.4.3.0', '1.3.6.1.2.1.6.10.0', '1.3.6.1.2.1.7.4.0']]
09/17/2020 12:33:44 PM INFO snmpQuery.snmpWalk [line = 41] : New Walk Query [v:1, GustavoGarciaSanchez, localhost, 161, 1.3.6.1.2.1.2.2.1.11]
09/17/2020 12:33:44 PM INFO snmpQuery.snmpWalk [line = 41] : New Walk Query [v:1, myhome, localhost, 161, 1.3.6.1.2.1.2.2.1.11]
09/17/2020 12:33:54 PM INFO snmpQuery.snmpGet [line = 12] : New Get Query [v:1, GustavoGarciaSanchez, localhost, 161, ['1.3.6.1.2.1.5.21.0', '1.3.6.1.2.1.4.3.0', '1.3.6.1.2.1.6.10.0', '1.3.6.1.2.1.7.4.0']]
09/17/2020 12:33:54 PM INFO snmpQuery.snmpGet [line = 12] : New Get Query [v:1, myhome, localhost, 161, ['1.3.6.1.2.1.5.21.0', '1.3.6.1.2.1.4.3.0', '1.3.6.1.2.1.6.10.0', '1.3.6.1.2.1.7.4.0']]
09/17/2020 12:33:54 PM INFO snmpQuery.snmpWalk [line = 41] : New Walk Query [v:1, GustavoGarciaSanchez, localhost, 161, 1.3.6.1.2.1.2.2.1.11]
09/17/2020 12:33:55 PM INFO snmpQuery.snmpWalk [line = 41] : New Walk Query [v:1, myhome, localhost, 161, 1.3.6.1.2.1.2.2.1.11]
09/17/2020 12:34:05 PM INFO snmpQuery.snmpGet [line = 12] : New Get Query [v:1, GustavoGarciaSanchez, localhost, 161, ['1.3.6.1.2.1.5.21.0', '1.3.6.1.2.1.4.3.0', '1.3.6.1.2.1.6.10.0', '1.3.6.1.2.1.7.4.0']]
09/17/2020 12:34:05 PM INFO snmpQuery.snmpGet [line = 12] : New Get Query [v:1, myhome, localhost, 161, ['1.3.6.1.2.1.5.21.0', '1.3.6.1.2.1.4.3.0', '1.3.6.1.2.1.6.10.0', '1.3.6.1.2.1.7.4.0']]
09/17/2020 12:34:05 PM INFO snmpQuery.snmpWalk [line = 41] : New Walk Query [v:1, GustavoGarciaSanchez, localhost, 161, 1.3.6.1.2.1.2.2.1.11]
09/17/2020 12:34:05 PM INFO snmpQuery.snmpWalk [line = 41] : New Walk Query [v:1, myhome, localhost, 161, 1.3.6.1.2.1.2.2.1.11]
09/17/2020 12:34:15 PM INFO snmpQuery.snmpGet [line = 12] : New Get Query [v:1, GustavoGarciaSanchez, localhost, 161, ['1.3.6.1.2.1.5.21.0', '1.3.6.1.2.1.4.3.0', '1.3.6.1.2.1.6.10.0', '1.3.6.1.2.1.7.4.0']]
09/17/2020 12:34:15 PM INFO snmpQuery.snmpGet [line = 12] : New Get Query [v:1, myhome, localhost, 161, ['1.3.6.1.2.1.5.21.0', '1.3.6.1.2.1.4.3.0', '1.3.6.1.2.1.6.10.0', '1.3.6.1.2.1.7.4.0']]
09/17/2020 12:34:15 PM INFO snmpQuery.snmpWalk [line = 41] : New Walk Query [v:1, GustavoGarciaSanchez, localhost, 161, 1.3.6.1.2.1.2.2.1.11]
09/17/2020 12:34:15 PM INFO snmpQuery.snmpWalk [line = 41] : New Walk Query [v:1, myhome, localhost, 161, 1.3.6.1.2.1.2.2.1.11]
09/17/2020 12:34:25 PM INFO snmpQuery.snmpGet [line = 12] : New Get Query [v:1, GustavoGarciaSanchez, localhost, 161, ['1.3.6.1.2.1.5.21.0', '1.3.6.1.2.1.4.3.0', '1.3.6.1.2.1.6.10.0', '1.3.6.1.2.1.7.4.0']]
09/17/2020 12:34:26 PM INFO snmpQuery.snmpGet [line = 12] : New Get Query [v:1, myhome, localhost, 161, ['1.3.6.1.2.1.5.21.0', '1.3.6.1.2.1.4.3.0', '1.3.6.1.2.1.6.10.0', '1.3.6.1.2.1.7.4.0']]
09/17/2020 12:34:26 PM INFO snmpQuery.snmpWalk [line = 41] : New Walk Query [v:1, GustavoGarciaSanchez, localhost, 161, 1.3.6.1.2.1.2.2.1.11]
09/17/2020 12:34:26 PM INFO snmpQuery.snmpWalk [line = 41] : New Walk Query [v:1, myhome, localhost, 161, 1.3.6.1.2.1.2.2.1.11]
09/17/2020 12:34:36 PM INFO snmpQuery.snmpGet [line = 12] : New Get Query [v:1, GustavoGarciaSanchez, localhost, 161, ['1.3.6.1.2.1.5.21.0', '1.3.6.1.2.1.4.3.0', '1.3.6.1.2.1.6.10.0', '1.3.6.1.2.1.7.4.0']]
09/17/2020 12:34:36 PM INFO snmpQuery.snmpGet [line = 12] : New Get Query [v:1, myhome, localhost, 161, ['1.3.6.1.2.1.5.21.0', '1.3.6.1.2.1.4.3.0', '1.3.6.1.2.1.6.10.0', '1.3.6.1.2.1.7.4.0']]
09/17/2020 12:34:36 PM INFO snmpQuery.snmpWalk [line = 41] : New Walk Query [v:1, GustavoGarciaSanchez, localhost, 161, 1.3.6.1.2.1.2.2.1.11]
09/17/2020 12:34:36 PM INFO snmpQuery.snmpWalk [line = 41] : New Walk Query [v:1, myhome, localhost, 161, 1.3.6.1.2.1.2.2.1.11]
09/17/2020 12:34:46 PM INFO snmpQuery.snmpGet [line = 12] : New Get Query [v:1, GustavoGarciaSanchez, localhost, 161, ['1.3.6.1.2.1.5.21.0', '1.3.6.1.2.1.4.3.0', '1.3.6.1.2.1.6.10.0', '1.3.6.1.2.1.7.4.0']]
09/17/2020 12:34:46 PM INFO snmpQuery.snmpGet [line = 12] : New Get Query [v:1, myhome, localhost, 161, ['1.3.6.1.2.1.5.21.0', '1.3.6.1.2.1.4.3.0', '1.3.6.1.2.1.6.10.0', '1.3.6.1.2.1.7.4.0']]
09/17/2020 12:34:46 PM INFO snmpQuery.snmpWalk [line = 41] : New Walk Query [v:1, GustavoGarciaSanchez, localhost, 161, 1.3.6.1.2.1.2.2.1.11]
09/17/2020 12:34:46 PM INFO snmpQuery.snmpWalk [line = 41] : New Walk Query [v:1, myhome, localhost, 161, 1.3.6.1.2.1.2.2.1.11]
09/17/2020 12:34:56 PM INFO snmpQuery.snmpGet [line = 12] : New Get Query [v:1, GustavoGarciaSanchez, localhost, 161, ['1.3.6.1.2.1.5.21.0', '1.3.6.1.2.1.4.3.0', '1.3.6.1.2.1.6.10.0', '1.3.6.1.2.1.7.4.0']]
09/17/2020 12:34:57 PM INFO snmpQuery.snmpGet [line = 12] : New Get Query [v:1, myhome, localhost, 161, ['1.3.6.1.2.1.5.21.0', '1.3.6.1.2.1.4.3.0', '1.3.6.1.2.1.6.10.0', '1.3.6.1.2.1.7.4.0']]
09/17/2020 12:34:57 PM INFO snmpQuery.snmpWalk [line = 41] : New Walk Query [v:1, GustavoGarciaSanchez, localhost, 161, 1.3.6.1.2.1.2.2.1.11]
09/17/2020 12:34:57 PM INFO snmpQuery.snmpWalk [line = 41] : New Walk Query [v:1, myhome, localhost, 161, 1.3.6.1.2.1.2.2.1.11]
09/17/2020 12:35:07 PM INFO snmpQuery.snmpGet [line = 12] : New Get Query [v:1, GustavoGarciaSanchez, localhost, 161, ['1.3.6.1.2.1.5.21.0', '1.3.6.1.2.1.4.3.0', '1.3.6.1.2.1.6.10.0', '1.3.6.1.2.1.7.4.0']]
09/17/2020 12:35:07 PM INFO snmpQuery.snmpWalk [line = 41] : New Walk Query [v:1, GustavoGarciaSanchez, localhost, 161, 1.3.6.1.2.1.2.2.1.11]
09/17/2020 12:35:07 PM INFO snmpQuery.snmpGet [line = 12] : New Get Query [v:1, myhome, localhost, 161, ['1.3.6.1.2.1.5.21.0', '1.3.6.1.2.1.4.3.0', '1.3.6.1.2.1.6.10.0', '1.3.6.1.2.1.7.4.0']]
09/17/2020 12:35:07 PM INFO snmpQuery.snmpWalk [line = 41] : New Walk Query [v:1, myhome, localhost, 161, 1.3.6.1.2.1.2.2.1.11]
09/17/2020 12:35:17 PM INFO snmpQuery.snmpGet [line = 12] : New Get Query [v:1, GustavoGarciaSanchez, localhost, 161, ['1.3.6.1.2.1.5.21.0', '1.3.6.1.2.1.4.3.0', '1.3.6.1.2.1.6.10.0', '1.3.6.1.2.1.7.4.0']]
09/17/2020 12:35:17 PM INFO snmpQuery.snmpWalk [line = 41] : New Walk Query [v:1, GustavoGarciaSanchez, localhost, 161, 1.3.6.1.2.1.2.2.1.11]
09/17/2020 12:35:17 PM INFO snmpQuery.snmpGet [line = 12] : New Get Query [v:1, myhome, localhost, 161, ['1.3.6.1.2.1.5.21.0', '1.3.6.1.2.1.4.3.0', '1.3.6.1.2.1.6.10.0', '1.3.6.1.2.1.7.4.0']]
09/17/2020 12:35:17 PM INFO snmpQuery.snmpWalk [line = 41] : New Walk Query [v:1, myhome, localhost, 161, 1.3.6.1.2.1.2.2.1.11]
09/17/2020 12:35:27 PM INFO snmpQuery.snmpGet [line = 12] : New Get Query [v:1, GustavoGarciaSanchez, localhost, 161, ['1.3.6.1.2.1.5.21.0', '1.3.6.1.2.1.4.3.0', '1.3.6.1.2.1.6.10.0', '1.3.6.1.2.1.7.4.0']]
09/17/2020 12:35:27 PM INFO snmpQuery.snmpWalk [line = 41] : New Walk Query [v:1, GustavoGarciaSanchez, localhost, 161, 1.3.6.1.2.1.2.2.1.11]
09/17/2020 12:35:28 PM INFO snmpQuery.snmpGet [line = 12] : New Get Query [v:1, myhome, localhost, 161, ['1.3.6.1.2.1.5.21.0', '1.3.6.1.2.1.4.3.0', '1.3.6.1.2.1.6.10.0', '1.3.6.1.2.1.7.4.0']]
09/17/2020 12:35:28 PM INFO snmpQuery.snmpWalk [line = 41] : New Walk Query [v:1, myhome, localhost, 161, 1.3.6.1.2.1.2.2.1.11]
09/17/2020 12:35:38 PM INFO snmpQuery.snmpGet [line = 12] : New Get Query [v:1, GustavoGarciaSanchez, localhost, 161, ['1.3.6.1.2.1.5.21.0', '1.3.6.1.2.1.4.3.0', '1.3.6.1.2.1.6.10.0', '1.3.6.1.2.1.7.4.0']]
09/17/2020 12:35:38 PM INFO snmpQuery.snmpWalk [line = 41] : New Walk Query [v:1, GustavoGarciaSanchez, localhost, 161, 1.3.6.1.2.1.2.2.1.11]
09/17/2020 12:35:38 PM INFO snmpQuery.snmpGet [line = 12] : New Get Query [v:1, myhome, localhost, 161, ['1.3.6.1.2.1.5.21.0', '1.3.6.1.2.1.4.3.0', '1.3.6.1.2.1.6.10.0', '1.3.6.1.2.1.7.4.0']]
09/17/2020 12:35:38 PM INFO snmpQuery.snmpWalk [line = 41] : New Walk Query [v:1, myhome, localhost, 161, 1.3.6.1.2.1.2.2.1.11]
09/17/2020 12:35:48 PM INFO snmpQuery.snmpGet [line = 12] : New Get Query [v:1, GustavoGarciaSanchez, localhost, 161, ['1.3.6.1.2.1.5.21.0', '1.3.6.1.2.1.4.3.0', '1.3.6.1.2.1.6.10.0', '1.3.6.1.2.1.7.4.0']]
09/17/2020 12:35:48 PM INFO snmpQuery.snmpWalk [line = 41] : New Walk Query [v:1, GustavoGarciaSanchez, localhost, 161, 1.3.6.1.2.1.2.2.1.11]
09/17/2020 12:35:48 PM INFO snmpQuery.snmpGet [line = 12] : New Get Query [v:1, myhome, localhost, 161, ['1.3.6.1.2.1.5.21.0', '1.3.6.1.2.1.4.3.0', '1.3.6.1.2.1.6.10.0', '1.3.6.1.2.1.7.4.0']]
09/17/2020 12:35:48 PM INFO snmpQuery.snmpWalk [line = 41] : New Walk Query [v:1, myhome, localhost, 161, 1.3.6.1.2.1.2.2.1.11]
09/17/2020 12:35:58 PM INFO snmpQuery.snmpGet [line = 12] : New Get Query [v:1, GustavoGarciaSanchez, localhost, 161, ['1.3.6.1.2.1.5.21.0', '1.3.6.1.2.1.4.3.0', '1.3.6.1.2.1.6.10.0', '1.3.6.1.2.1.7.4.0']]
09/17/2020 12:35:58 PM INFO snmpQuery.snmpWalk [line = 41] : New Walk Query [v:1, GustavoGarciaSanchez, localhost, 161, 1.3.6.1.2.1.2.2.1.11]
09/17/2020 12:35:58 PM INFO snmpQuery.snmpGet [line = 12] : New Get Query [v:1, myhome, localhost, 161, ['1.3.6.1.2.1.5.21.0', '1.3.6.1.2.1.4.3.0', '1.3.6.1.2.1.6.10.0', '1.3.6.1.2.1.7.4.0']]
09/17/2020 12:35:58 PM INFO snmpQuery.snmpWalk [line = 41] : New Walk Query [v:1, myhome, localhost, 161, 1.3.6.1.2.1.2.2.1.11]
09/17/2020 12:36:08 PM INFO snmpQuery.snmpGet [line = 12] : New Get Query [v:1, GustavoGarciaSanchez, localhost, 161, ['1.3.6.1.2.1.5.21.0', '1.3.6.1.2.1.4.3.0', '1.3.6.1.2.1.6.10.0', '1.3.6.1.2.1.7.4.0']]
09/17/2020 12:36:08 PM INFO snmpQuery.snmpWalk [line = 41] : New Walk Query [v:1, GustavoGarciaSanchez, localhost, 161, 1.3.6.1.2.1.2.2.1.11]
09/17/2020 12:36:08 PM INFO snmpQuery.snmpGet [line = 12] : New Get Query [v:1, myhome, localhost, 161, ['1.3.6.1.2.1.5.21.0', '1.3.6.1.2.1.4.3.0', '1.3.6.1.2.1.6.10.0', '1.3.6.1.2.1.7.4.0']]
09/17/2020 12:36:09 PM INFO snmpQuery.snmpWalk [line = 41] : New Walk Query [v:1, myhome, localhost, 161, 1.3.6.1.2.1.2.2.1.11]
09/17/2020 12:36:18 PM INFO snmpQuery.snmpGet [line = 12] : New Get Query [v:1, GustavoGarciaSanchez, localhost, 161, ['1.3.6.1.2.1.5.21.0', '1.3.6.1.2.1.4.3.0', '1.3.6.1.2.1.6.10.0', '1.3.6.1.2.1.7.4.0']]
09/17/2020 12:36:19 PM INFO snmpQuery.snmpWalk [line = 41] : New Walk Query [v:1, GustavoGarciaSanchez, localhost, 161, 1.3.6.1.2.1.2.2.1.11]
09/17/2020 12:36:19 PM INFO snmpQuery.snmpGet [line = 12] : New Get Query [v:1, myhome, localhost, 161, ['1.3.6.1.2.1.5.21.0', '1.3.6.1.2.1.4.3.0', '1.3.6.1.2.1.6.10.0', '1.3.6.1.2.1.7.4.0']]
09/17/2020 12:36:19 PM INFO snmpQuery.snmpWalk [line = 41] : New Walk Query [v:1, myhome, localhost, 161, 1.3.6.1.2.1.2.2.1.11]
09/17/2020 12:36:29 PM INFO snmpQuery.snmpGet [line = 12] : New Get Query [v:1, GustavoGarciaSanchez, localhost, 161, ['1.3.6.1.2.1.5.21.0', '1.3.6.1.2.1.4.3.0', '1.3.6.1.2.1.6.10.0', '1.3.6.1.2.1.7.4.0']]
09/17/2020 12:36:29 PM INFO snmpQuery.snmpWalk [line = 41] : New Walk Query [v:1, GustavoGarciaSanchez, localhost, 161, 1.3.6.1.2.1.2.2.1.11]
09/17/2020 12:36:29 PM INFO snmpQuery.snmpGet [line = 12] : New Get Query [v:1, myhome, localhost, 161, ['1.3.6.1.2.1.5.21.0', '1.3.6.1.2.1.4.3.0', '1.3.6.1.2.1.6.10.0', '1.3.6.1.2.1.7.4.0']]
09/17/2020 12:36:29 PM INFO snmpQuery.snmpWalk [line = 41] : New Walk Query [v:1, myhome, localhost, 161, 1.3.6.1.2.1.2.2.1.11]
09/17/2020 12:36:39 PM INFO snmpQuery.snmpGet [line = 12] : New Get Query [v:1, GustavoGarciaSanchez, localhost, 161, ['1.3.6.1.2.1.5.21.0', '1.3.6.1.2.1.4.3.0', '1.3.6.1.2.1.6.10.0', '1.3.6.1.2.1.7.4.0']]
09/17/2020 12:36:39 PM INFO snmpQuery.snmpWalk [line = 41] : New Walk Query [v:1, GustavoGarciaSanchez, localhost, 161, 1.3.6.1.2.1.2.2.1.11]
09/17/2020 12:36:39 PM INFO snmpQuery.snmpGet [line = 12] : New Get Query [v:1, myhome, localhost, 161, ['1.3.6.1.2.1.5.21.0', '1.3.6.1.2.1.4.3.0', '1.3.6.1.2.1.6.10.0', '1.3.6.1.2.1.7.4.0']]
09/17/2020 12:36:39 PM INFO snmpQuery.snmpWalk [line = 41] : New Walk Query [v:1, myhome, localhost, 161, 1.3.6.1.2.1.2.2.1.11]
09/17/2020 12:36:49 PM INFO snmpQuery.snmpGet [line = 12] : New Get Query [v:1, GustavoGarciaSanchez, localhost, 161, ['1.3.6.1.2.1.5.21.0', '1.3.6.1.2.1.4.3.0', '1.3.6.1.2.1.6.10.0', '1.3.6.1.2.1.7.4.0']]
09/17/2020 12:36:49 PM INFO snmpQuery.snmpWalk [line = 41] : New Walk Query [v:1, GustavoGarciaSanchez, localhost, 161, 1.3.6.1.2.1.2.2.1.11]
09/17/2020 12:36:49 PM INFO snmpQuery.snmpGet [line = 12] : New Get Query [v:1, myhome, localhost, 161, ['1.3.6.1.2.1.5.21.0', '1.3.6.1.2.1.4.3.0', '1.3.6.1.2.1.6.10.0', '1.3.6.1.2.1.7.4.0']]
09/17/2020 12:36:50 PM INFO snmpQuery.snmpWalk [line = 41] : New Walk Query [v:1, myhome, localhost, 161, 1.3.6.1.2.1.2.2.1.11]
09/17/2020 12:36:59 PM INFO snmpQuery.snmpGet [line = 12] : New Get Query [v:1, GustavoGarciaSanchez, localhost, 161, ['1.3.6.1.2.1.5.21.0', '1.3.6.1.2.1.4.3.0', '1.3.6.1.2.1.6.10.0', '1.3.6.1.2.1.7.4.0']]
09/17/2020 12:37:00 PM INFO snmpQuery.snmpWalk [line = 41] : New Walk Query [v:1, GustavoGarciaSanchez, localhost, 161, 1.3.6.1.2.1.2.2.1.11]
09/17/2020 12:37:00 PM INFO snmpQuery.snmpGet [line = 12] : New Get Query [v:1, myhome, localhost, 161, ['1.3.6.1.2.1.5.21.0', '1.3.6.1.2.1.4.3.0', '1.3.6.1.2.1.6.10.0', '1.3.6.1.2.1.7.4.0']]
09/17/2020 12:37:00 PM INFO snmpQuery.snmpWalk [line = 41] : New Walk Query [v:1, myhome, localhost, 161, 1.3.6.1.2.1.2.2.1.11]
09/17/2020 12:37:10 PM INFO snmpQuery.snmpGet [line = 12] : New Get Query [v:1, GustavoGarciaSanchez, localhost, 161, ['1.3.6.1.2.1.5.21.0', '1.3.6.1.2.1.4.3.0', '1.3.6.1.2.1.6.10.0', '1.3.6.1.2.1.7.4.0']]
09/17/2020 12:37:10 PM INFO snmpQuery.snmpWalk [line = 41] : New Walk Query [v:1, GustavoGarciaSanchez, localhost, 161, 1.3.6.1.2.1.2.2.1.11]
09/17/2020 12:37:10 PM INFO snmpQuery.snmpGet [line = 12] : New Get Query [v:1, myhome, localhost, 161, ['1.3.6.1.2.1.5.21.0', '1.3.6.1.2.1.4.3.0', '1.3.6.1.2.1.6.10.0', '1.3.6.1.2.1.7.4.0']]
09/17/2020 12:37:10 PM INFO snmpQuery.snmpWalk [line = 41] : New Walk Query [v:1, myhome, localhost, 161, 1.3.6.1.2.1.2.2.1.11]
09/17/2020 12:37:20 PM INFO snmpQuery.snmpGet [line = 12] : New Get Query [v:1, GustavoGarciaSanchez, localhost, 161, ['1.3.6.1.2.1.5.21.0', '1.3.6.1.2.1.4.3.0', '1.3.6.1.2.1.6.10.0', '1.3.6.1.2.1.7.4.0']]
09/17/2020 12:37:20 PM INFO snmpQuery.snmpWalk [line = 41] : New Walk Query [v:1, GustavoGarciaSanchez, localhost, 161, 1.3.6.1.2.1.2.2.1.11]
09/17/2020 12:37:20 PM INFO snmpQuery.snmpGet [line = 12] : New Get Query [v:1, myhome, localhost, 161, ['1.3.6.1.2.1.5.21.0', '1.3.6.1.2.1.4.3.0', '1.3.6.1.2.1.6.10.0', '1.3.6.1.2.1.7.4.0']]
09/17/2020 12:37:20 PM INFO snmpQuery.snmpWalk [line = 41] : New Walk Query [v:1, myhome, localhost, 161, 1.3.6.1.2.1.2.2.1.11]
09/17/2020 12:37:30 PM INFO snmpQuery.snmpGet [line = 12] : New Get Query [v:1, GustavoGarciaSanchez, localhost, 161, ['1.3.6.1.2.1.5.21.0', '1.3.6.1.2.1.4.3.0', '1.3.6.1.2.1.6.10.0', '1.3.6.1.2.1.7.4.0']]
09/17/2020 12:37:30 PM INFO snmpQuery.snmpWalk [line = 41] : New Walk Query [v:1, GustavoGarciaSanchez, localhost, 161, 1.3.6.1.2.1.2.2.1.11]
09/17/2020 12:37:30 PM INFO snmpQuery.snmpGet [line = 12] : New Get Query [v:1, myhome, localhost, 161, ['1.3.6.1.2.1.5.21.0', '1.3.6.1.2.1.4.3.0', '1.3.6.1.2.1.6.10.0', '1.3.6.1.2.1.7.4.0']]
09/17/2020 12:37:31 PM INFO snmpQuery.snmpWalk [line = 41] : New Walk Query [v:1, myhome, localhost, 161, 1.3.6.1.2.1.2.2.1.11]
09/17/2020 12:37:41 PM INFO snmpQuery.snmpGet [line = 12] : New Get Query [v:1, GustavoGarciaSanchez, localhost, 161, ['1.3.6.1.2.1.5.21.0', '1.3.6.1.2.1.4.3.0', '1.3.6.1.2.1.6.10.0', '1.3.6.1.2.1.7.4.0']]
09/17/2020 12:37:41 PM INFO snmpQuery.snmpWalk [line = 41] : New Walk Query [v:1, GustavoGarciaSanchez, localhost, 161, 1.3.6.1.2.1.2.2.1.11]
09/17/2020 12:37:41 PM INFO snmpQuery.snmpGet [line = 12] : New Get Query [v:1, myhome, localhost, 161, ['1.3.6.1.2.1.5.21.0', '1.3.6.1.2.1.4.3.0', '1.3.6.1.2.1.6.10.0', '1.3.6.1.2.1.7.4.0']]
09/17/2020 12:37:41 PM INFO snmpQuery.snmpWalk [line = 41] : New Walk Query [v:1, myhome, localhost, 161, 1.3.6.1.2.1.2.2.1.11]
09/17/2020 12:37:51 PM INFO snmpQuery.snmpGet [line = 12] : New Get Query [v:1, GustavoGarciaSanchez, localhost, 161, ['1.3.6.1.2.1.5.21.0', '1.3.6.1.2.1.4.3.0', '1.3.6.1.2.1.6.10.0', '1.3.6.1.2.1.7.4.0']]
09/17/2020 12:37:51 PM INFO snmpQuery.snmpWalk [line = 41] : New Walk Query [v:1, GustavoGarciaSanchez, localhost, 161, 1.3.6.1.2.1.2.2.1.11]
