09/17/2020 11:15:29 AM INFO snmpQuery.snmpGet [line = 12] : New Get Query [v:1, myhome, localhost, 161, ['1.3.6.1.2.1.1.5.0']]
09/17/2020 11:15:29 AM INFO snmpQuery.snmpGet [line = 12] : New Get Query [v:1, myhome, localhost, 161, ['1.3.6.1.2.1.5.21.0', '1.3.6.1.2.1.4.3.0', '1.3.6.1.2.1.6.10.0', '1.3.6.1.2.1.7.4.0']]
09/17/2020 11:15:29 AM INFO snmpQuery.snmpWalk [line = 41] : New Walk Query [v:1, myhome, localhost, 161, 1.3.6.1.2.1.2.2.1.11]
09/17/2020 11:15:39 AM INFO snmpQuery.snmpGet [line = 12] : New Get Query [v:1, myhome, localhost, 161, ['1.3.6.1.2.1.5.21.0', '1.3.6.1.2.1.4.3.0', '1.3.6.1.2.1.6.10.0', '1.3.6.1.2.1.7.4.0']]
09/17/2020 11:15:39 AM INFO snmpQuery.snmpWalk [line = 41] : New Walk Query [v:1, myhome, localhost, 161, 1.3.6.1.2.1.2.2.1.11]
09/17/2020 11:15:49 AM INFO snmpQuery.snmpGet [line = 12] : New Get Query [v:1, myhome, localhost, 161, ['1.3.6.1.2.1.5.21.0', '1.3.6.1.2.1.4.3.0', '1.3.6.1.2.1.6.10.0', '1.3.6.1.2.1.7.4.0']]
09/17/2020 11:15:49 AM INFO snmpQuery.snmpWalk [line = 41] : New Walk Query [v:1, myhome, localhost, 161, 1.3.6.1.2.1.2.2.1.11]
09/17/2020 11:15:59 AM INFO snmpQuery.snmpGet [line = 12] : New Get Query [v:1, myhome, localhost, 161, ['1.3.6.1.2.1.5.21.0', '1.3.6.1.2.1.4.3.0', '1.3.6.1.2.1.6.10.0', '1.3.6.1.2.1.7.4.0']]
09/17/2020 11:15:59 AM INFO snmpQuery.snmpWalk [line = 41] : New Walk Query [v:1, myhome, localhost, 161, 1.3.6.1.2.1.2.2.1.11]
09/17/2020 11:16:10 AM INFO snmpQuery.snmpGet [line = 12] : New Get Query [v:1, myhome, localhost, 161, ['1.3.6.1.2.1.5.21.0', '1.3.6.1.2.1.4.3.0', '1.3.6.1.2.1.6.10.0', '1.3.6.1.2.1.7.4.0']]
09/17/2020 11:16:10 AM INFO snmpQuery.snmpWalk [line = 41] : New Walk Query [v:1, myhome, localhost, 161, 1.3.6.1.2.1.2.2.1.11]
09/17/2020 11:16:13 AM INFO snmpQuery.snmpWalk [line = 41] : New Walk Query [v:1, myhome, localhost, 161, 1.3.6.1.2.1.1]
09/17/2020 11:16:13 AM INFO snmpQuery.snmpWalk [line = 41] : New Walk Query [v:1, myhome, localhost, 161, 1.3.6.1.2.1.2.2]
09/17/2020 11:16:20 AM INFO snmpQuery.snmpGet [line = 12] : New Get Query [v:1, myhome, localhost, 161, ['1.3.6.1.2.1.5.21.0', '1.3.6.1.2.1.4.3.0', '1.3.6.1.2.1.6.10.0', '1.3.6.1.2.1.7.4.0']]
09/17/2020 11:16:20 AM INFO snmpQuery.snmpWalk [line = 41] : New Walk Query [v:1, myhome, localhost, 161, 1.3.6.1.2.1.2.2.1.11]
09/17/2020 11:16:30 AM INFO snmpQuery.snmpGet [line = 12] : New Get Query [v:1, myhome, localhost, 161, ['1.3.6.1.2.1.5.21.0', '1.3.6.1.2.1.4.3.0', '1.3.6.1.2.1.6.10.0', '1.3.6.1.2.1.7.4.0']]
09/17/2020 11:16:30 AM INFO snmpQuery.snmpWalk [line = 41] : New Walk Query [v:1, myhome, localhost, 161, 1.3.6.1.2.1.2.2.1.11]
09/17/2020 11:16:40 AM INFO snmpQuery.snmpGet [line = 12] : New Get Query [v:1, myhome, localhost, 161, ['1.3.6.1.2.1.5.21.0', '1.3.6.1.2.1.4.3.0', '1.3.6.1.2.1.6.10.0', '1.3.6.1.2.1.7.4.0']]
09/17/2020 11:16:40 AM INFO snmpQuery.snmpWalk [line = 41] : New Walk Query [v:1, myhome, localhost, 161, 1.3.6.1.2.1.2.2.1.11]
09/17/2020 11:16:50 AM INFO snmpQuery.snmpGet [line = 12] : New Get Query [v:1, myhome, localhost, 161, ['1.3.6.1.2.1.5.21.0', '1.3.6.1.2.1.4.3.0', '1.3.6.1.2.1.6.10.0', '1.3.6.1.2.1.7.4.0']]
09/17/2020 11:16:50 AM INFO snmpQuery.snmpWalk [line = 41] : New Walk Query [v:1, myhome, localhost, 161, 1.3.6.1.2.1.2.2.1.11]
09/17/2020 11:17:00 AM INFO snmpQuery.snmpGet [line = 12] : New Get Query [v:1, myhome, localhost, 161, ['1.3.6.1.2.1.5.21.0', '1.3.6.1.2.1.4.3.0', '1.3.6.1.2.1.6.10.0', '1.3.6.1.2.1.7.4.0']]
09/17/2020 11:17:01 AM INFO snmpQuery.snmpWalk [line = 41] : New Walk Query [v:1, myhome, localhost, 161, 1.3.6.1.2.1.2.2.1.11]
09/17/2020 11:17:11 AM INFO snmpQuery.snmpGet [line = 12] : New Get Query [v:1, myhome, localhost, 161, ['1.3.6.1.2.1.5.21.0', '1.3.6.1.2.1.4.3.0', '1.3.6.1.2.1.6.10.0', '1.3.6.1.2.1.7.4.0']]
09/17/2020 11:17:11 AM INFO snmpQuery.snmpWalk [line = 41] : New Walk Query [v:1, myhome, localhost, 161, 1.3.6.1.2.1.2.2.1.11]
09/17/2020 11:17:21 AM INFO snmpQuery.snmpGet [line = 12] : New Get Query [v:1, myhome, localhost, 161, ['1.3.6.1.2.1.5.21.0', '1.3.6.1.2.1.4.3.0', '1.3.6.1.2.1.6.10.0', '1.3.6.1.2.1.7.4.0']]
09/17/2020 11:17:21 AM INFO snmpQuery.snmpWalk [line = 41] : New Walk Query [v:1, myhome, localhost, 161, 1.3.6.1.2.1.2.2.1.11]
09/17/2020 11:17:31 AM INFO snmpQuery.snmpGet [line = 12] : New Get Query [v:1, myhome, localhost, 161, ['1.3.6.1.2.1.5.21.0', '1.3.6.1.2.1.4.3.0', '1.3.6.1.2.1.6.10.0', '1.3.6.1.2.1.7.4.0']]
09/17/2020 11:17:31 AM INFO snmpQuery.snmpWalk [line = 41] : New Walk Query [v:1, myhome, localhost, 161, 1.3.6.1.2.1.2.2.1.11]
09/17/2020 11:17:41 AM INFO snmpQuery.snmpGet [line = 12] : New Get Query [v:1, myhome, localhost, 161, ['1.3.6.1.2.1.5.21.0', '1.3.6.1.2.1.4.3.0', '1.3.6.1.2.1.6.10.0', '1.3.6.1.2.1.7.4.0']]
09/17/2020 11:17:41 AM INFO snmpQuery.snmpWalk [line = 41] : New Walk Query [v:1, myhome, localhost, 161, 1.3.6.1.2.1.2.2.1.11]
09/17/2020 11:17:51 AM INFO snmpQuery.snmpGet [line = 12] : New Get Query [v:1, myhome, localhost, 161, ['1.3.6.1.2.1.5.21.0', '1.3.6.1.2.1.4.3.0', '1.3.6.1.2.1.6.10.0', '1.3.6.1.2.1.7.4.0']]
09/17/2020 11:17:52 AM INFO snmpQuery.snmpWalk [line = 41] : New Walk Query [v:1, myhome, localhost, 161, 1.3.6.1.2.1.2.2.1.11]
09/17/2020 11:18:02 AM INFO snmpQuery.snmpGet [line = 12] : New Get Query [v:1, myhome, localhost, 161, ['1.3.6.1.2.1.5.21.0', '1.3.6.1.2.1.4.3.0', '1.3.6.1.2.1.6.10.0', '1.3.6.1.2.1.7.4.0']]
09/17/2020 11:18:02 AM INFO snmpQuery.snmpWalk [line = 41] : New Walk Query [v:1, myhome, localhost, 161, 1.3.6.1.2.1.2.2.1.11]
09/17/2020 11:18:12 AM INFO snmpQuery.snmpGet [line = 12] : New Get Query [v:1, myhome, localhost, 161, ['1.3.6.1.2.1.5.21.0', '1.3.6.1.2.1.4.3.0', '1.3.6.1.2.1.6.10.0', '1.3.6.1.2.1.7.4.0']]
09/17/2020 11:18:12 AM INFO snmpQuery.snmpWalk [line = 41] : New Walk Query [v:1, myhome, localhost, 161, 1.3.6.1.2.1.2.2.1.11]
09/17/2020 11:18:22 AM INFO snmpQuery.snmpGet [line = 12] : New Get Query [v:1, myhome, localhost, 161, ['1.3.6.1.2.1.5.21.0', '1.3.6.1.2.1.4.3.0', '1.3.6.1.2.1.6.10.0', '1.3.6.1.2.1.7.4.0']]
09/17/2020 11:18:22 AM INFO snmpQuery.snmpWalk [line = 41] : New Walk Query [v:1, myhome, localhost, 161, 1.3.6.1.2.1.2.2.1.11]
09/17/2020 11:18:32 AM INFO snmpQuery.snmpGet [line = 12] : New Get Query [v:1, myhome, localhost, 161, ['1.3.6.1.2.1.5.21.0', '1.3.6.1.2.1.4.3.0', '1.3.6.1.2.1.6.10.0', '1.3.6.1.2.1.7.4.0']]
09/17/2020 11:18:32 AM INFO snmpQuery.snmpWalk [line = 41] : New Walk Query [v:1, myhome, localhost, 161, 1.3.6.1.2.1.2.2.1.11]
09/17/2020 11:18:42 AM INFO snmpQuery.snmpGet [line = 12] : New Get Query [v:1, myhome, localhost, 161, ['1.3.6.1.2.1.5.21.0', '1.3.6.1.2.1.4.3.0', '1.3.6.1.2.1.6.10.0', '1.3.6.1.2.1.7.4.0']]
09/17/2020 11:18:43 AM INFO snmpQuery.snmpWalk [line = 41] : New Walk Query [v:1, myhome, localhost, 161, 1.3.6.1.2.1.2.2.1.11]
09/17/2020 11:18:53 AM INFO snmpQuery.snmpGet [line = 12] : New Get Query [v:1, myhome, localhost, 161, ['1.3.6.1.2.1.5.21.0', '1.3.6.1.2.1.4.3.0', '1.3.6.1.2.1.6.10.0', '1.3.6.1.2.1.7.4.0']]
09/17/2020 11:18:53 AM INFO snmpQuery.snmpWalk [line = 41] : New Walk Query [v:1, myhome, localhost, 161, 1.3.6.1.2.1.2.2.1.11]
09/17/2020 11:19:03 AM INFO snmpQuery.snmpGet [line = 12] : New Get Query [v:1, myhome, localhost, 161, ['1.3.6.1.2.1.5.21.0', '1.3.6.1.2.1.4.3.0', '1.3.6.1.2.1.6.10.0', '1.3.6.1.2.1.7.4.0']]
09/17/2020 11:19:03 AM INFO snmpQuery.snmpWalk [line = 41] : New Walk Query [v:1, myhome, localhost, 161, 1.3.6.1.2.1.2.2.1.11]
09/17/2020 11:19:13 AM INFO snmpQuery.snmpGet [line = 12] : New Get Query [v:1, myhome, localhost, 161, ['1.3.6.1.2.1.5.21.0', '1.3.6.1.2.1.4.3.0', '1.3.6.1.2.1.6.10.0', '1.3.6.1.2.1.7.4.0']]
09/17/2020 11:19:13 AM INFO snmpQuery.snmpWalk [line = 41] : New Walk Query [v:1, myhome, localhost, 161, 1.3.6.1.2.1.2.2.1.11]
09/17/2020 11:19:23 AM INFO snmpQuery.snmpGet [line = 12] : New Get Query [v:1, myhome, localhost, 161, ['1.3.6.1.2.1.5.21.0', '1.3.6.1.2.1.4.3.0', '1.3.6.1.2.1.6.10.0', '1.3.6.1.2.1.7.4.0']]
09/17/2020 11:19:23 AM INFO snmpQuery.snmpWalk [line = 41] : New Walk Query [v:1, myhome, localhost, 161, 1.3.6.1.2.1.2.2.1.11]
09/17/2020 11:19:34 AM INFO snmpQuery.snmpGet [line = 12] : New Get Query [v:1, myhome, localhost, 161, ['1.3.6.1.2.1.5.21.0', '1.3.6.1.2.1.4.3.0', '1.3.6.1.2.1.6.10.0', '1.3.6.1.2.1.7.4.0']]
09/17/2020 11:19:34 AM INFO snmpQuery.snmpWalk [line = 41] : New Walk Query [v:1, myhome, localhost, 161, 1.3.6.1.2.1.2.2.1.11]
09/17/2020 11:19:44 AM INFO snmpQuery.snmpGet [line = 12] : New Get Query [v:1, myhome, localhost, 161, ['1.3.6.1.2.1.5.21.0', '1.3.6.1.2.1.4.3.0', '1.3.6.1.2.1.6.10.0', '1.3.6.1.2.1.7.4.0']]
09/17/2020 11:19:44 AM INFO snmpQuery.snmpWalk [line = 41] : New Walk Query [v:1, myhome, localhost, 161, 1.3.6.1.2.1.2.2.1.11]
09/17/2020 11:19:54 AM INFO snmpQuery.snmpGet [line = 12] : New Get Query [v:1, myhome, localhost, 161, ['1.3.6.1.2.1.5.21.0', '1.3.6.1.2.1.4.3.0', '1.3.6.1.2.1.6.10.0', '1.3.6.1.2.1.7.4.0']]
09/17/2020 11:19:54 AM INFO snmpQuery.snmpWalk [line = 41] : New Walk Query [v:1, myhome, localhost, 161, 1.3.6.1.2.1.2.2.1.11]
09/17/2020 11:20:04 AM INFO snmpQuery.snmpGet [line = 12] : New Get Query [v:1, myhome, localhost, 161, ['1.3.6.1.2.1.5.21.0', '1.3.6.1.2.1.4.3.0', '1.3.6.1.2.1.6.10.0', '1.3.6.1.2.1.7.4.0']]
09/17/2020 11:20:04 AM INFO snmpQuery.snmpWalk [line = 41] : New Walk Query [v:1, myhome, localhost, 161, 1.3.6.1.2.1.2.2.1.11]
09/17/2020 11:20:14 AM INFO snmpQuery.snmpGet [line = 12] : New Get Query [v:1, myhome, localhost, 161, ['1.3.6.1.2.1.5.21.0', '1.3.6.1.2.1.4.3.0', '1.3.6.1.2.1.6.10.0', '1.3.6.1.2.1.7.4.0']]
09/17/2020 11:20:14 AM INFO snmpQuery.snmpWalk [line = 41] : New Walk Query [v:1, myhome, localhost, 161, 1.3.6.1.2.1.2.2.1.11]
09/17/2020 11:20:25 AM INFO snmpQuery.snmpGet [line = 12] : New Get Query [v:1, myhome, localhost, 161, ['1.3.6.1.2.1.5.21.0', '1.3.6.1.2.1.4.3.0', '1.3.6.1.2.1.6.10.0', '1.3.6.1.2.1.7.4.0']]
09/17/2020 11:20:25 AM INFO snmpQuery.snmpWalk [line = 41] : New Walk Query [v:1, myhome, localhost, 161, 1.3.6.1.2.1.2.2.1.11]
