09/17/2020 12:01:31 PM INFO snmpQuery.snmpGet [line = 12] : New Get Query [v:1, myhome, localhost, 161, ['1.3.6.1.2.1.1.5.0']]
09/17/2020 12:01:31 PM INFO snmpQuery.snmpGet [line = 12] : New Get Query [v:1, GustavoGarciaSanchez, localhost, 161, ['1.3.6.1.2.1.1.5.0']]
09/17/2020 12:01:31 PM INFO snmpQuery.snmpGet [line = 12] : New Get Query [v:1, myhome, localhost, 161, ['1.3.6.1.2.1.5.21.0', '1.3.6.1.2.1.4.3.0', '1.3.6.1.2.1.6.10.0', '1.3.6.1.2.1.7.4.0']]
09/17/2020 12:01:31 PM INFO snmpQuery.snmpGet [line = 12] : New Get Query [v:1, GustavoGarciaSanchez, localhost, 161, ['1.3.6.1.2.1.5.21.0', '1.3.6.1.2.1.4.3.0', '1.3.6.1.2.1.6.10.0', '1.3.6.1.2.1.7.4.0']]
09/17/2020 12:01:32 PM INFO snmpQuery.snmpWalk [line = 41] : New Walk Query [v:1, myhome, localhost, 161, 1.3.6.1.2.1.2.2.1.11]
09/17/2020 12:01:32 PM INFO snmpQuery.snmpWalk [line = 41] : New Walk Query [v:1, GustavoGarciaSanchez, localhost, 161, 1.3.6.1.2.1.2.2.1.11]
09/17/2020 12:01:42 PM INFO snmpQuery.snmpGet [line = 12] : New Get Query [v:1, myhome, localhost, 161, ['1.3.6.1.2.1.5.21.0', '1.3.6.1.2.1.4.3.0', '1.3.6.1.2.1.6.10.0', '1.3.6.1.2.1.7.4.0']]
09/17/2020 12:01:42 PM INFO snmpQuery.snmpGet [line = 12] : New Get Query [v:1, GustavoGarciaSanchez, localhost, 161, ['1.3.6.1.2.1.5.21.0', '1.3.6.1.2.1.4.3.0', '1.3.6.1.2.1.6.10.0', '1.3.6.1.2.1.7.4.0']]
09/17/2020 12:01:42 PM INFO snmpQuery.snmpWalk [line = 41] : New Walk Query [v:1, GustavoGarciaSanchez, localhost, 161, 1.3.6.1.2.1.2.2.1.11]
09/17/2020 12:01:42 PM INFO snmpQuery.snmpWalk [line = 41] : New Walk Query [v:1, myhome, localhost, 161, 1.3.6.1.2.1.2.2.1.11]
09/17/2020 12:01:52 PM INFO snmpQuery.snmpGet [line = 12] : New Get Query [v:1, GustavoGarciaSanchez, localhost, 161, ['1.3.6.1.2.1.5.21.0', '1.3.6.1.2.1.4.3.0', '1.3.6.1.2.1.6.10.0', '1.3.6.1.2.1.7.4.0']]
09/17/2020 12:01:52 PM INFO snmpQuery.snmpGet [line = 12] : New Get Query [v:1, myhome, localhost, 161, ['1.3.6.1.2.1.5.21.0', '1.3.6.1.2.1.4.3.0', '1.3.6.1.2.1.6.10.0', '1.3.6.1.2.1.7.4.0']]
09/17/2020 12:01:52 PM INFO snmpQuery.snmpWalk [line = 41] : New Walk Query [v:1, GustavoGarciaSanchez, localhost, 161, 1.3.6.1.2.1.2.2.1.11]
09/17/2020 12:01:52 PM INFO snmpQuery.snmpWalk [line = 41] : New Walk Query [v:1, myhome, localhost, 161, 1.3.6.1.2.1.2.2.1.11]
09/17/2020 12:01:54 PM INFO snmpQuery.snmpWalk [line = 41] : New Walk Query [v:1, GustavoGarciaSanchez, localhost, 161, 1.3.6.1.2.1.1]
09/17/2020 12:01:54 PM INFO snmpQuery.snmpWalk [line = 41] : New Walk Query [v:1, GustavoGarciaSanchez, localhost, 161, 1.3.6.1.2.1.2]
09/17/2020 12:01:54 PM INFO snmpQuery.snmpWalk [line = 41] : New Walk Query [v:1, GustavoGarciaSanchez, localhost, 161, 1.3.6.1.4.1.2021.4]
09/17/2020 12:02:02 PM INFO snmpQuery.snmpGet [line = 12] : New Get Query [v:1, GustavoGarciaSanchez, localhost, 161, ['1.3.6.1.2.1.5.21.0', '1.3.6.1.2.1.4.3.0', '1.3.6.1.2.1.6.10.0', '1.3.6.1.2.1.7.4.0']]
09/17/2020 12:02:03 PM INFO snmpQuery.snmpGet [line = 12] : New Get Query [v:1, myhome, localhost, 161, ['1.3.6.1.2.1.5.21.0', '1.3.6.1.2.1.4.3.0', '1.3.6.1.2.1.6.10.0', '1.3.6.1.2.1.7.4.0']]
09/17/2020 12:02:03 PM INFO snmpQuery.snmpWalk [line = 41] : New Walk Query [v:1, GustavoGarciaSanchez, localhost, 161, 1.3.6.1.2.1.2.2.1.11]
09/17/2020 12:02:03 PM INFO snmpQuery.snmpWalk [line = 41] : New Walk Query [v:1, myhome, localhost, 161, 1.3.6.1.2.1.2.2.1.11]
09/17/2020 12:02:13 PM INFO snmpQuery.snmpGet [line = 12] : New Get Query [v:1, GustavoGarciaSanchez, localhost, 161, ['1.3.6.1.2.1.5.21.0', '1.3.6.1.2.1.4.3.0', '1.3.6.1.2.1.6.10.0', '1.3.6.1.2.1.7.4.0']]
09/17/2020 12:02:13 PM INFO snmpQuery.snmpGet [line = 12] : New Get Query [v:1, myhome, localhost, 161, ['1.3.6.1.2.1.5.21.0', '1.3.6.1.2.1.4.3.0', '1.3.6.1.2.1.6.10.0', '1.3.6.1.2.1.7.4.0']]
09/17/2020 12:02:13 PM INFO snmpQuery.snmpWalk [line = 41] : New Walk Query [v:1, GustavoGarciaSanchez, localhost, 161, 1.3.6.1.2.1.2.2.1.11]
09/17/2020 12:02:13 PM INFO snmpQuery.snmpWalk [line = 41] : New Walk Query [v:1, myhome, localhost, 161, 1.3.6.1.2.1.2.2.1.11]
09/17/2020 12:02:23 PM INFO snmpQuery.snmpGet [line = 12] : New Get Query [v:1, GustavoGarciaSanchez, localhost, 161, ['1.3.6.1.2.1.5.21.0', '1.3.6.1.2.1.4.3.0', '1.3.6.1.2.1.6.10.0', '1.3.6.1.2.1.7.4.0']]
09/17/2020 12:02:23 PM INFO snmpQuery.snmpGet [line = 12] : New Get Query [v:1, myhome, localhost, 161, ['1.3.6.1.2.1.5.21.0', '1.3.6.1.2.1.4.3.0', '1.3.6.1.2.1.6.10.0', '1.3.6.1.2.1.7.4.0']]
09/17/2020 12:02:23 PM INFO snmpQuery.snmpWalk [line = 41] : New Walk Query [v:1, GustavoGarciaSanchez, localhost, 161, 1.3.6.1.2.1.2.2.1.11]
09/17/2020 12:02:23 PM INFO snmpQuery.snmpWalk [line = 41] : New Walk Query [v:1, myhome, localhost, 161, 1.3.6.1.2.1.2.2.1.11]
09/17/2020 12:02:33 PM INFO snmpQuery.snmpGet [line = 12] : New Get Query [v:1, GustavoGarciaSanchez, localhost, 161, ['1.3.6.1.2.1.5.21.0', '1.3.6.1.2.1.4.3.0', '1.3.6.1.2.1.6.10.0', '1.3.6.1.2.1.7.4.0']]
09/17/2020 12:02:33 PM INFO snmpQuery.snmpWalk [line = 41] : New Walk Query [v:1, GustavoGarciaSanchez, localhost, 161, 1.3.6.1.2.1.2.2.1.11]
09/17/2020 12:02:33 PM INFO snmpQuery.snmpGet [line = 12] : New Get Query [v:1, myhome, localhost, 161, ['1.3.6.1.2.1.5.21.0', '1.3.6.1.2.1.4.3.0', '1.3.6.1.2.1.6.10.0', '1.3.6.1.2.1.7.4.0']]
09/17/2020 12:02:34 PM INFO snmpQuery.snmpWalk [line = 41] : New Walk Query [v:1, myhome, localhost, 161, 1.3.6.1.2.1.2.2.1.11]
09/17/2020 12:02:44 PM INFO snmpQuery.snmpGet [line = 12] : New Get Query [v:1, GustavoGarciaSanchez, localhost, 161, ['1.3.6.1.2.1.5.21.0', '1.3.6.1.2.1.4.3.0', '1.3.6.1.2.1.6.10.0', '1.3.6.1.2.1.7.4.0']]
09/17/2020 12:02:44 PM INFO snmpQuery.snmpWalk [line = 41] : New Walk Query [v:1, GustavoGarciaSanchez, localhost, 161, 1.3.6.1.2.1.2.2.1.11]
09/17/2020 12:02:44 PM INFO snmpQuery.snmpGet [line = 12] : New Get Query [v:1, myhome, localhost, 161, ['1.3.6.1.2.1.5.21.0', '1.3.6.1.2.1.4.3.0', '1.3.6.1.2.1.6.10.0', '1.3.6.1.2.1.7.4.0']]
09/17/2020 12:02:44 PM INFO snmpQuery.snmpWalk [line = 41] : New Walk Query [v:1, myhome, localhost, 161, 1.3.6.1.2.1.2.2.1.11]
09/17/2020 12:02:54 PM INFO snmpQuery.snmpGet [line = 12] : New Get Query [v:1, GustavoGarciaSanchez, localhost, 161, ['1.3.6.1.2.1.5.21.0', '1.3.6.1.2.1.4.3.0', '1.3.6.1.2.1.6.10.0', '1.3.6.1.2.1.7.4.0']]
09/17/2020 12:02:54 PM INFO snmpQuery.snmpWalk [line = 41] : New Walk Query [v:1, GustavoGarciaSanchez, localhost, 161, 1.3.6.1.2.1.2.2.1.11]
09/17/2020 12:02:54 PM INFO snmpQuery.snmpGet [line = 12] : New Get Query [v:1, myhome, localhost, 161, ['1.3.6.1.2.1.5.21.0', '1.3.6.1.2.1.4.3.0', '1.3.6.1.2.1.6.10.0', '1.3.6.1.2.1.7.4.0']]
09/17/2020 12:02:54 PM INFO snmpQuery.snmpWalk [line = 41] : New Walk Query [v:1, myhome, localhost, 161, 1.3.6.1.2.1.2.2.1.11]
09/17/2020 12:03:04 PM INFO snmpQuery.snmpGet [line = 12] : New Get Query [v:1, GustavoGarciaSanchez, localhost, 161, ['1.3.6.1.2.1.5.21.0', '1.3.6.1.2.1.4.3.0', '1.3.6.1.2.1.6.10.0', '1.3.6.1.2.1.7.4.0']]
09/17/2020 12:03:04 PM INFO snmpQuery.snmpWalk [line = 41] : New Walk Query [v:1, GustavoGarciaSanchez, localhost, 161, 1.3.6.1.2.1.2.2.1.11]
09/17/2020 12:03:04 PM INFO snmpQuery.snmpGet [line = 12] : New Get Query [v:1, myhome, localhost, 161, ['1.3.6.1.2.1.5.21.0', '1.3.6.1.2.1.4.3.0', '1.3.6.1.2.1.6.10.0', '1.3.6.1.2.1.7.4.0']]
09/17/2020 12:03:04 PM INFO snmpQuery.snmpWalk [line = 41] : New Walk Query [v:1, myhome, localhost, 161, 1.3.6.1.2.1.2.2.1.11]
09/17/2020 12:03:14 PM INFO snmpQuery.snmpGet [line = 12] : New Get Query [v:1, GustavoGarciaSanchez, localhost, 161, ['1.3.6.1.2.1.5.21.0', '1.3.6.1.2.1.4.3.0', '1.3.6.1.2.1.6.10.0', '1.3.6.1.2.1.7.4.0']]
09/17/2020 12:03:14 PM INFO snmpQuery.snmpWalk [line = 41] : New Walk Query [v:1, GustavoGarciaSanchez, localhost, 161, 1.3.6.1.2.1.2.2.1.11]
09/17/2020 12:03:14 PM INFO snmpQuery.snmpGet [line = 12] : New Get Query [v:1, myhome, localhost, 161, ['1.3.6.1.2.1.5.21.0', '1.3.6.1.2.1.4.3.0', '1.3.6.1.2.1.6.10.0', '1.3.6.1.2.1.7.4.0']]
09/17/2020 12:03:14 PM INFO snmpQuery.snmpWalk [line = 41] : New Walk Query [v:1, myhome, localhost, 161, 1.3.6.1.2.1.2.2.1.11]
09/17/2020 12:03:24 PM INFO snmpQuery.snmpGet [line = 12] : New Get Query [v:1, GustavoGarciaSanchez, localhost, 161, ['1.3.6.1.2.1.5.21.0', '1.3.6.1.2.1.4.3.0', '1.3.6.1.2.1.6.10.0', '1.3.6.1.2.1.7.4.0']]
09/17/2020 12:03:24 PM INFO snmpQuery.snmpWalk [line = 41] : New Walk Query [v:1, GustavoGarciaSanchez, localhost, 161, 1.3.6.1.2.1.2.2.1.11]
09/17/2020 12:03:25 PM INFO snmpQuery.snmpGet [line = 12] : New Get Query [v:1, myhome, localhost, 161, ['1.3.6.1.2.1.5.21.0', '1.3.6.1.2.1.4.3.0', '1.3.6.1.2.1.6.10.0', '1.3.6.1.2.1.7.4.0']]
09/17/2020 12:03:25 PM INFO snmpQuery.snmpWalk [line = 41] : New Walk Query [v:1, myhome, localhost, 161, 1.3.6.1.2.1.2.2.1.11]
09/17/2020 12:03:35 PM INFO snmpQuery.snmpGet [line = 12] : New Get Query [v:1, GustavoGarciaSanchez, localhost, 161, ['1.3.6.1.2.1.5.21.0', '1.3.6.1.2.1.4.3.0', '1.3.6.1.2.1.6.10.0', '1.3.6.1.2.1.7.4.0']]
09/17/2020 12:03:35 PM INFO snmpQuery.snmpWalk [line = 41] : New Walk Query [v:1, GustavoGarciaSanchez, localhost, 161, 1.3.6.1.2.1.2.2.1.11]
09/17/2020 12:03:35 PM INFO snmpQuery.snmpGet [line = 12] : New Get Query [v:1, myhome, localhost, 161, ['1.3.6.1.2.1.5.21.0', '1.3.6.1.2.1.4.3.0', '1.3.6.1.2.1.6.10.0', '1.3.6.1.2.1.7.4.0']]
09/17/2020 12:03:35 PM INFO snmpQuery.snmpWalk [line = 41] : New Walk Query [v:1, myhome, localhost, 161, 1.3.6.1.2.1.2.2.1.11]
09/17/2020 12:03:45 PM INFO snmpQuery.snmpGet [line = 12] : New Get Query [v:1, GustavoGarciaSanchez, localhost, 161, ['1.3.6.1.2.1.5.21.0', '1.3.6.1.2.1.4.3.0', '1.3.6.1.2.1.6.10.0', '1.3.6.1.2.1.7.4.0']]
09/17/2020 12:03:45 PM INFO snmpQuery.snmpWalk [line = 41] : New Walk Query [v:1, GustavoGarciaSanchez, localhost, 161, 1.3.6.1.2.1.2.2.1.11]
09/17/2020 12:03:45 PM INFO snmpQuery.snmpGet [line = 12] : New Get Query [v:1, myhome, localhost, 161, ['1.3.6.1.2.1.5.21.0', '1.3.6.1.2.1.4.3.0', '1.3.6.1.2.1.6.10.0', '1.3.6.1.2.1.7.4.0']]
09/17/2020 12:03:45 PM INFO snmpQuery.snmpWalk [line = 41] : New Walk Query [v:1, myhome, localhost, 161, 1.3.6.1.2.1.2.2.1.11]
09/17/2020 12:03:55 PM INFO snmpQuery.snmpGet [line = 12] : New Get Query [v:1, GustavoGarciaSanchez, localhost, 161, ['1.3.6.1.2.1.5.21.0', '1.3.6.1.2.1.4.3.0', '1.3.6.1.2.1.6.10.0', '1.3.6.1.2.1.7.4.0']]
09/17/2020 12:03:55 PM INFO snmpQuery.snmpWalk [line = 41] : New Walk Query [v:1, GustavoGarciaSanchez, localhost, 161, 1.3.6.1.2.1.2.2.1.11]
09/17/2020 12:03:55 PM INFO snmpQuery.snmpGet [line = 12] : New Get Query [v:1, myhome, localhost, 161, ['1.3.6.1.2.1.5.21.0', '1.3.6.1.2.1.4.3.0', '1.3.6.1.2.1.6.10.0', '1.3.6.1.2.1.7.4.0']]
09/17/2020 12:03:55 PM INFO snmpQuery.snmpWalk [line = 41] : New Walk Query [v:1, myhome, localhost, 161, 1.3.6.1.2.1.2.2.1.11]
09/17/2020 12:04:05 PM INFO snmpQuery.snmpGet [line = 12] : New Get Query [v:1, GustavoGarciaSanchez, localhost, 161, ['1.3.6.1.2.1.5.21.0', '1.3.6.1.2.1.4.3.0', '1.3.6.1.2.1.6.10.0', '1.3.6.1.2.1.7.4.0']]
09/17/2020 12:04:05 PM INFO snmpQuery.snmpWalk [line = 41] : New Walk Query [v:1, GustavoGarciaSanchez, localhost, 161, 1.3.6.1.2.1.2.2.1.11]
09/17/2020 12:04:06 PM INFO snmpQuery.snmpGet [line = 12] : New Get Query [v:1, myhome, localhost, 161, ['1.3.6.1.2.1.5.21.0', '1.3.6.1.2.1.4.3.0', '1.3.6.1.2.1.6.10.0', '1.3.6.1.2.1.7.4.0']]
09/17/2020 12:04:06 PM INFO snmpQuery.snmpWalk [line = 41] : New Walk Query [v:1, myhome, localhost, 161, 1.3.6.1.2.1.2.2.1.11]
09/17/2020 12:04:16 PM INFO snmpQuery.snmpGet [line = 12] : New Get Query [v:1, GustavoGarciaSanchez, localhost, 161, ['1.3.6.1.2.1.5.21.0', '1.3.6.1.2.1.4.3.0', '1.3.6.1.2.1.6.10.0', '1.3.6.1.2.1.7.4.0']]
09/17/2020 12:04:16 PM INFO snmpQuery.snmpWalk [line = 41] : New Walk Query [v:1, GustavoGarciaSanchez, localhost, 161, 1.3.6.1.2.1.2.2.1.11]
09/17/2020 12:04:16 PM INFO snmpQuery.snmpGet [line = 12] : New Get Query [v:1, myhome, localhost, 161, ['1.3.6.1.2.1.5.21.0', '1.3.6.1.2.1.4.3.0', '1.3.6.1.2.1.6.10.0', '1.3.6.1.2.1.7.4.0']]
09/17/2020 12:04:16 PM INFO snmpQuery.snmpWalk [line = 41] : New Walk Query [v:1, myhome, localhost, 161, 1.3.6.1.2.1.2.2.1.11]
