09/17/2020 12:46:10 PM INFO snmpQuery.snmpGet [line = 12] : New Get Query [v:1, myhome, localhost, 161, ['1.3.6.1.2.1.1.5.0']]
09/17/2020 12:46:10 PM INFO snmpQuery.snmpGet [line = 12] : New Get Query [v:1, GustavoGarciaSanchez, localhost, 161, ['1.3.6.1.2.1.1.5.0']]
09/17/2020 12:46:10 PM INFO snmpQuery.snmpGet [line = 12] : New Get Query [v:1, myhome, localhost, 161, ['1.3.6.1.2.1.5.21.0', '1.3.6.1.2.1.4.3.0', '1.3.6.1.2.1.6.10.0', '1.3.6.1.2.1.7.4.0']]
09/17/2020 12:46:10 PM INFO snmpQuery.snmpGet [line = 12] : New Get Query [v:1, GustavoGarciaSanchez, localhost, 161, ['1.3.6.1.2.1.5.21.0', '1.3.6.1.2.1.4.3.0', '1.3.6.1.2.1.6.10.0', '1.3.6.1.2.1.7.4.0']]
09/17/2020 12:46:11 PM INFO snmpQuery.snmpWalk [line = 41] : New Walk Query [v:1, GustavoGarciaSanchez, localhost, 161, 1.3.6.1.2.1.2.2.1.11]
09/17/2020 12:46:11 PM INFO snmpQuery.snmpWalk [line = 41] : New Walk Query [v:1, myhome, localhost, 161, 1.3.6.1.2.1.2.2.1.11]
09/17/2020 12:46:21 PM INFO snmpQuery.snmpGet [line = 12] : New Get Query [v:1, myhome, localhost, 161, ['1.3.6.1.2.1.5.21.0', '1.3.6.1.2.1.4.3.0', '1.3.6.1.2.1.6.10.0', '1.3.6.1.2.1.7.4.0']]
09/17/2020 12:46:21 PM INFO snmpQuery.snmpGet [line = 12] : New Get Query [v:1, GustavoGarciaSanchez, localhost, 161, ['1.3.6.1.2.1.5.21.0', '1.3.6.1.2.1.4.3.0', '1.3.6.1.2.1.6.10.0', '1.3.6.1.2.1.7.4.0']]
09/17/2020 12:46:21 PM INFO snmpQuery.snmpWalk [line = 41] : New Walk Query [v:1, myhome, localhost, 161, 1.3.6.1.2.1.2.2.1.11]
09/17/2020 12:46:21 PM INFO snmpQuery.snmpWalk [line = 41] : New Walk Query [v:1, GustavoGarciaSanchez, localhost, 161, 1.3.6.1.2.1.2.2.1.11]
09/17/2020 12:46:31 PM INFO snmpQuery.snmpGet [line = 12] : New Get Query [v:1, GustavoGarciaSanchez, localhost, 161, ['1.3.6.1.2.1.5.21.0', '1.3.6.1.2.1.4.3.0', '1.3.6.1.2.1.6.10.0', '1.3.6.1.2.1.7.4.0']]
09/17/2020 12:46:31 PM INFO snmpQuery.snmpGet [line = 12] : New Get Query [v:1, myhome, localhost, 161, ['1.3.6.1.2.1.5.21.0', '1.3.6.1.2.1.4.3.0', '1.3.6.1.2.1.6.10.0', '1.3.6.1.2.1.7.4.0']]
09/17/2020 12:46:31 PM INFO snmpQuery.snmpWalk [line = 41] : New Walk Query [v:1, GustavoGarciaSanchez, localhost, 161, 1.3.6.1.2.1.2.2.1.11]
09/17/2020 12:46:32 PM INFO snmpQuery.snmpWalk [line = 41] : New Walk Query [v:1, myhome, localhost, 161, 1.3.6.1.2.1.2.2.1.11]
09/17/2020 12:46:32 PM INFO snmpQuery.snmpWalk [line = 41] : New Walk Query [v:1, GustavoGarciaSanchez, localhost, 161, 1.3.6.1.2.1.1]
09/17/2020 12:46:32 PM INFO snmpQuery.snmpWalk [line = 41] : New Walk Query [v:1, GustavoGarciaSanchez, localhost, 161, 1.3.6.1.2.1.2]
09/17/2020 12:46:32 PM INFO snmpQuery.snmpWalk [line = 41] : New Walk Query [v:1, GustavoGarciaSanchez, localhost, 161, 1.3.6.1.4.1.2021.4]
09/17/2020 12:46:32 PM INFO snmpQuery.snmpWalk [line = 41] : New Walk Query [v:1, GustavoGarciaSanchez, localhost, 161, 1.3.6.1.2.1.25.3.3.1.2]
09/17/2020 12:46:32 PM INFO snmpQuery.snmpWalk [line = 41] : New Walk Query [v:1, GustavoGarciaSanchez, localhost, 161, 1.3.6.1.2.1.25.3.6.1]
09/17/2020 12:46:33 PM INFO snmpQuery.snmpWalk [line = 41] : New Walk Query [v:1, GustavoGarciaSanchez, localhost, 161, 1.3.6.1.2.1.25.3.6.1.4]
09/17/2020 12:46:41 PM INFO snmpQuery.snmpGet [line = 12] : New Get Query [v:1, GustavoGarciaSanchez, localhost, 161, ['1.3.6.1.2.1.5.21.0', '1.3.6.1.2.1.4.3.0', '1.3.6.1.2.1.6.10.0', '1.3.6.1.2.1.7.4.0']]
09/17/2020 12:46:42 PM INFO snmpQuery.snmpWalk [line = 41] : New Walk Query [v:1, GustavoGarciaSanchez, localhost, 161, 1.3.6.1.2.1.2.2.1.11]
09/17/2020 12:46:42 PM INFO snmpQuery.snmpGet [line = 12] : New Get Query [v:1, myhome, localhost, 161, ['1.3.6.1.2.1.5.21.0', '1.3.6.1.2.1.4.3.0', '1.3.6.1.2.1.6.10.0', '1.3.6.1.2.1.7.4.0']]
09/17/2020 12:46:42 PM INFO snmpQuery.snmpWalk [line = 41] : New Walk Query [v:1, myhome, localhost, 161, 1.3.6.1.2.1.2.2.1.11]
09/17/2020 12:46:52 PM INFO snmpQuery.snmpGet [line = 12] : New Get Query [v:1, GustavoGarciaSanchez, localhost, 161, ['1.3.6.1.2.1.5.21.0', '1.3.6.1.2.1.4.3.0', '1.3.6.1.2.1.6.10.0', '1.3.6.1.2.1.7.4.0']]
09/17/2020 12:46:52 PM INFO snmpQuery.snmpWalk [line = 41] : New Walk Query [v:1, GustavoGarciaSanchez, localhost, 161, 1.3.6.1.2.1.2.2.1.11]
09/17/2020 12:46:52 PM INFO snmpQuery.snmpGet [line = 12] : New Get Query [v:1, myhome, localhost, 161, ['1.3.6.1.2.1.5.21.0', '1.3.6.1.2.1.4.3.0', '1.3.6.1.2.1.6.10.0', '1.3.6.1.2.1.7.4.0']]
09/17/2020 12:46:52 PM INFO snmpQuery.snmpWalk [line = 41] : New Walk Query [v:1, myhome, localhost, 161, 1.3.6.1.2.1.2.2.1.11]
09/17/2020 12:47:02 PM INFO snmpQuery.snmpGet [line = 12] : New Get Query [v:1, GustavoGarciaSanchez, localhost, 161, ['1.3.6.1.2.1.5.21.0', '1.3.6.1.2.1.4.3.0', '1.3.6.1.2.1.6.10.0', '1.3.6.1.2.1.7.4.0']]
09/17/2020 12:47:02 PM INFO snmpQuery.snmpWalk [line = 41] : New Walk Query [v:1, GustavoGarciaSanchez, localhost, 161, 1.3.6.1.2.1.2.2.1.11]
09/17/2020 12:47:02 PM INFO snmpQuery.snmpGet [line = 12] : New Get Query [v:1, myhome, localhost, 161, ['1.3.6.1.2.1.5.21.0', '1.3.6.1.2.1.4.3.0', '1.3.6.1.2.1.6.10.0', '1.3.6.1.2.1.7.4.0']]
09/17/2020 12:47:02 PM INFO snmpQuery.snmpWalk [line = 41] : New Walk Query [v:1, myhome, localhost, 161, 1.3.6.1.2.1.2.2.1.11]
09/17/2020 12:47:12 PM INFO snmpQuery.snmpGet [line = 12] : New Get Query [v:1, GustavoGarciaSanchez, localhost, 161, ['1.3.6.1.2.1.5.21.0', '1.3.6.1.2.1.4.3.0', '1.3.6.1.2.1.6.10.0', '1.3.6.1.2.1.7.4.0']]
09/17/2020 12:47:12 PM INFO snmpQuery.snmpWalk [line = 41] : New Walk Query [v:1, GustavoGarciaSanchez, localhost, 161, 1.3.6.1.2.1.2.2.1.11]
09/17/2020 12:47:12 PM INFO snmpQuery.snmpGet [line = 12] : New Get Query [v:1, myhome, localhost, 161, ['1.3.6.1.2.1.5.21.0', '1.3.6.1.2.1.4.3.0', '1.3.6.1.2.1.6.10.0', '1.3.6.1.2.1.7.4.0']]
09/17/2020 12:47:12 PM INFO snmpQuery.snmpWalk [line = 41] : New Walk Query [v:1, myhome, localhost, 161, 1.3.6.1.2.1.2.2.1.11]
09/17/2020 12:47:22 PM INFO snmpQuery.snmpGet [line = 12] : New Get Query [v:1, GustavoGarciaSanchez, localhost, 161, ['1.3.6.1.2.1.5.21.0', '1.3.6.1.2.1.4.3.0', '1.3.6.1.2.1.6.10.0', '1.3.6.1.2.1.7.4.0']]
09/17/2020 12:47:23 PM INFO snmpQuery.snmpWalk [line = 41] : New Walk Query [v:1, GustavoGarciaSanchez, localhost, 161, 1.3.6.1.2.1.2.2.1.11]
09/17/2020 12:47:23 PM INFO snmpQuery.snmpGet [line = 12] : New Get Query [v:1, myhome, localhost, 161, ['1.3.6.1.2.1.5.21.0', '1.3.6.1.2.1.4.3.0', '1.3.6.1.2.1.6.10.0', '1.3.6.1.2.1.7.4.0']]
09/17/2020 12:47:23 PM INFO snmpQuery.snmpWalk [line = 41] : New Walk Query [v:1, myhome, localhost, 161, 1.3.6.1.2.1.2.2.1.11]
09/17/2020 12:47:33 PM INFO snmpQuery.snmpGet [line = 12] : New Get Query [v:1, GustavoGarciaSanchez, localhost, 161, ['1.3.6.1.2.1.5.21.0', '1.3.6.1.2.1.4.3.0', '1.3.6.1.2.1.6.10.0', '1.3.6.1.2.1.7.4.0']]
09/17/2020 12:47:33 PM INFO snmpQuery.snmpWalk [line = 41] : New Walk Query [v:1, GustavoGarciaSanchez, localhost, 161, 1.3.6.1.2.1.2.2.1.11]
09/17/2020 12:47:33 PM INFO snmpQuery.snmpGet [line = 12] : New Get Query [v:1, myhome, localhost, 161, ['1.3.6.1.2.1.5.21.0', '1.3.6.1.2.1.4.3.0', '1.3.6.1.2.1.6.10.0', '1.3.6.1.2.1.7.4.0']]
09/17/2020 12:47:33 PM INFO snmpQuery.snmpWalk [line = 41] : New Walk Query [v:1, myhome, localhost, 161, 1.3.6.1.2.1.2.2.1.11]
09/17/2020 12:47:43 PM INFO snmpQuery.snmpGet [line = 12] : New Get Query [v:1, GustavoGarciaSanchez, localhost, 161, ['1.3.6.1.2.1.5.21.0', '1.3.6.1.2.1.4.3.0', '1.3.6.1.2.1.6.10.0', '1.3.6.1.2.1.7.4.0']]
09/17/2020 12:47:43 PM INFO snmpQuery.snmpWalk [line = 41] : New Walk Query [v:1, GustavoGarciaSanchez, localhost, 161, 1.3.6.1.2.1.2.2.1.11]
09/17/2020 12:47:43 PM INFO snmpQuery.snmpGet [line = 12] : New Get Query [v:1, myhome, localhost, 161, ['1.3.6.1.2.1.5.21.0', '1.3.6.1.2.1.4.3.0', '1.3.6.1.2.1.6.10.0', '1.3.6.1.2.1.7.4.0']]
09/17/2020 12:47:43 PM INFO snmpQuery.snmpWalk [line = 41] : New Walk Query [v:1, myhome, localhost, 161, 1.3.6.1.2.1.2.2.1.11]
09/17/2020 12:47:53 PM INFO snmpQuery.snmpGet [line = 12] : New Get Query [v:1, GustavoGarciaSanchez, localhost, 161, ['1.3.6.1.2.1.5.21.0', '1.3.6.1.2.1.4.3.0', '1.3.6.1.2.1.6.10.0', '1.3.6.1.2.1.7.4.0']]
09/17/2020 12:47:53 PM INFO snmpQuery.snmpWalk [line = 41] : New Walk Query [v:1, GustavoGarciaSanchez, localhost, 161, 1.3.6.1.2.1.2.2.1.11]
09/17/2020 12:47:53 PM INFO snmpQuery.snmpGet [line = 12] : New Get Query [v:1, myhome, localhost, 161, ['1.3.6.1.2.1.5.21.0', '1.3.6.1.2.1.4.3.0', '1.3.6.1.2.1.6.10.0', '1.3.6.1.2.1.7.4.0']]
09/17/2020 12:47:53 PM INFO snmpQuery.snmpWalk [line = 41] : New Walk Query [v:1, myhome, localhost, 161, 1.3.6.1.2.1.2.2.1.11]
