09/17/2020 12:04:28 PM INFO snmpQuery.snmpGet [line = 12] : New Get Query [v:1, myhome, localhost, 161, ['1.3.6.1.2.1.1.5.0']]
09/17/2020 12:04:28 PM INFO snmpQuery.snmpGet [line = 12] : New Get Query [v:1, GustavoGarciaSanchez, localhost, 161, ['1.3.6.1.2.1.1.5.0']]
09/17/2020 12:04:28 PM INFO snmpQuery.snmpGet [line = 12] : New Get Query [v:1, myhome, localhost, 161, ['1.3.6.1.2.1.5.21.0', '1.3.6.1.2.1.4.3.0', '1.3.6.1.2.1.6.10.0', '1.3.6.1.2.1.7.4.0']]
09/17/2020 12:04:28 PM INFO snmpQuery.snmpGet [line = 12] : New Get Query [v:1, GustavoGarciaSanchez, localhost, 161, ['1.3.6.1.2.1.5.21.0', '1.3.6.1.2.1.4.3.0', '1.3.6.1.2.1.6.10.0', '1.3.6.1.2.1.7.4.0']]
09/17/2020 12:04:28 PM INFO snmpQuery.snmpWalk [line = 41] : New Walk Query [v:1, GustavoGarciaSanchez, localhost, 161, 1.3.6.1.2.1.2.2.1.11]
09/17/2020 12:04:28 PM INFO snmpQuery.snmpWalk [line = 41] : New Walk Query [v:1, myhome, localhost, 161, 1.3.6.1.2.1.2.2.1.11]
09/17/2020 12:04:38 PM INFO snmpQuery.snmpGet [line = 12] : New Get Query [v:1, GustavoGarciaSanchez, localhost, 161, ['1.3.6.1.2.1.5.21.0', '1.3.6.1.2.1.4.3.0', '1.3.6.1.2.1.6.10.0', '1.3.6.1.2.1.7.4.0']]
09/17/2020 12:04:38 PM INFO snmpQuery.snmpGet [line = 12] : New Get Query [v:1, myhome, localhost, 161, ['1.3.6.1.2.1.5.21.0', '1.3.6.1.2.1.4.3.0', '1.3.6.1.2.1.6.10.0', '1.3.6.1.2.1.7.4.0']]
09/17/2020 12:04:39 PM INFO snmpQuery.snmpWalk [line = 41] : New Walk Query [v:1, myhome, localhost, 161, 1.3.6.1.2.1.2.2.1.11]
09/17/2020 12:04:39 PM INFO snmpQuery.snmpWalk [line = 41] : New Walk Query [v:1, GustavoGarciaSanchez, localhost, 161, 1.3.6.1.2.1.2.2.1.11]
09/17/2020 12:04:49 PM INFO snmpQuery.snmpGet [line = 12] : New Get Query [v:1, GustavoGarciaSanchez, localhost, 161, ['1.3.6.1.2.1.5.21.0', '1.3.6.1.2.1.4.3.0', '1.3.6.1.2.1.6.10.0', '1.3.6.1.2.1.7.4.0']]
09/17/2020 12:04:49 PM INFO snmpQuery.snmpGet [line = 12] : New Get Query [v:1, myhome, localhost, 161, ['1.3.6.1.2.1.5.21.0', '1.3.6.1.2.1.4.3.0', '1.3.6.1.2.1.6.10.0', '1.3.6.1.2.1.7.4.0']]
09/17/2020 12:04:49 PM INFO snmpQuery.snmpWalk [line = 41] : New Walk Query [v:1, GustavoGarciaSanchez, localhost, 161, 1.3.6.1.2.1.2.2.1.11]
09/17/2020 12:04:49 PM INFO snmpQuery.snmpWalk [line = 41] : New Walk Query [v:1, myhome, localhost, 161, 1.3.6.1.2.1.2.2.1.11]
09/17/2020 12:04:51 PM INFO snmpQuery.snmpWalk [line = 41] : New Walk Query [v:1, GustavoGarciaSanchez, localhost, 161, 1.3.6.1.2.1.1]
09/17/2020 12:04:51 PM INFO snmpQuery.snmpWalk [line = 41] : New Walk Query [v:1, GustavoGarciaSanchez, localhost, 161, 1.3.6.1.2.1.2]
09/17/2020 12:04:51 PM INFO snmpQuery.snmpWalk [line = 41] : New Walk Query [v:1, GustavoGarciaSanchez, localhost, 161, 1.3.6.1.4.1.2021.4]
09/17/2020 12:04:59 PM INFO snmpQuery.snmpGet [line = 12] : New Get Query [v:1, GustavoGarciaSanchez, localhost, 161, ['1.3.6.1.2.1.5.21.0', '1.3.6.1.2.1.4.3.0', '1.3.6.1.2.1.6.10.0', '1.3.6.1.2.1.7.4.0']]
09/17/2020 12:04:59 PM INFO snmpQuery.snmpGet [line = 12] : New Get Query [v:1, myhome, localhost, 161, ['1.3.6.1.2.1.5.21.0', '1.3.6.1.2.1.4.3.0', '1.3.6.1.2.1.6.10.0', '1.3.6.1.2.1.7.4.0']]
09/17/2020 12:04:59 PM INFO snmpQuery.snmpWalk [line = 41] : New Walk Query [v:1, GustavoGarciaSanchez, localhost, 161, 1.3.6.1.2.1.2.2.1.11]
09/17/2020 12:05:00 PM INFO snmpQuery.snmpWalk [line = 41] : New Walk Query [v:1, myhome, localhost, 161, 1.3.6.1.2.1.2.2.1.11]
09/17/2020 12:05:10 PM INFO snmpQuery.snmpGet [line = 12] : New Get Query [v:1, GustavoGarciaSanchez, localhost, 161, ['1.3.6.1.2.1.5.21.0', '1.3.6.1.2.1.4.3.0', '1.3.6.1.2.1.6.10.0', '1.3.6.1.2.1.7.4.0']]
09/17/2020 12:05:10 PM INFO snmpQuery.snmpGet [line = 12] : New Get Query [v:1, myhome, localhost, 161, ['1.3.6.1.2.1.5.21.0', '1.3.6.1.2.1.4.3.0', '1.3.6.1.2.1.6.10.0', '1.3.6.1.2.1.7.4.0']]
09/17/2020 12:05:10 PM INFO snmpQuery.snmpWalk [line = 41] : New Walk Query [v:1, GustavoGarciaSanchez, localhost, 161, 1.3.6.1.2.1.2.2.1.11]
09/17/2020 12:05:10 PM INFO snmpQuery.snmpWalk [line = 41] : New Walk Query [v:1, myhome, localhost, 161, 1.3.6.1.2.1.2.2.1.11]
09/17/2020 12:05:20 PM INFO snmpQuery.snmpGet [line = 12] : New Get Query [v:1, GustavoGarciaSanchez, localhost, 161, ['1.3.6.1.2.1.5.21.0', '1.3.6.1.2.1.4.3.0', '1.3.6.1.2.1.6.10.0', '1.3.6.1.2.1.7.4.0']]
09/17/2020 12:05:20 PM INFO snmpQuery.snmpWalk [line = 41] : New Walk Query [v:1, GustavoGarciaSanchez, localhost, 161, 1.3.6.1.2.1.2.2.1.11]
09/17/2020 12:05:20 PM INFO snmpQuery.snmpGet [line = 12] : New Get Query [v:1, myhome, localhost, 161, ['1.3.6.1.2.1.5.21.0', '1.3.6.1.2.1.4.3.0', '1.3.6.1.2.1.6.10.0', '1.3.6.1.2.1.7.4.0']]
09/17/2020 12:05:20 PM INFO snmpQuery.snmpWalk [line = 41] : New Walk Query [v:1, myhome, localhost, 161, 1.3.6.1.2.1.2.2.1.11]
09/17/2020 12:05:30 PM INFO snmpQuery.snmpGet [line = 12] : New Get Query [v:1, GustavoGarciaSanchez, localhost, 161, ['1.3.6.1.2.1.5.21.0', '1.3.6.1.2.1.4.3.0', '1.3.6.1.2.1.6.10.0', '1.3.6.1.2.1.7.4.0']]
09/17/2020 12:05:30 PM INFO snmpQuery.snmpWalk [line = 41] : New Walk Query [v:1, GustavoGarciaSanchez, localhost, 161, 1.3.6.1.2.1.2.2.1.11]
09/17/2020 12:05:30 PM INFO snmpQuery.snmpGet [line = 12] : New Get Query [v:1, myhome, localhost, 161, ['1.3.6.1.2.1.5.21.0', '1.3.6.1.2.1.4.3.0', '1.3.6.1.2.1.6.10.0', '1.3.6.1.2.1.7.4.0']]
09/17/2020 12:05:31 PM INFO snmpQuery.snmpWalk [line = 41] : New Walk Query [v:1, myhome, localhost, 161, 1.3.6.1.2.1.2.2.1.11]
09/17/2020 12:05:41 PM INFO snmpQuery.snmpGet [line = 12] : New Get Query [v:1, GustavoGarciaSanchez, localhost, 161, ['1.3.6.1.2.1.5.21.0', '1.3.6.1.2.1.4.3.0', '1.3.6.1.2.1.6.10.0', '1.3.6.1.2.1.7.4.0']]
09/17/2020 12:05:41 PM INFO snmpQuery.snmpWalk [line = 41] : New Walk Query [v:1, GustavoGarciaSanchez, localhost, 161, 1.3.6.1.2.1.2.2.1.11]
09/17/2020 12:05:41 PM INFO snmpQuery.snmpGet [line = 12] : New Get Query [v:1, myhome, localhost, 161, ['1.3.6.1.2.1.5.21.0', '1.3.6.1.2.1.4.3.0', '1.3.6.1.2.1.6.10.0', '1.3.6.1.2.1.7.4.0']]
09/17/2020 12:05:41 PM INFO snmpQuery.snmpWalk [line = 41] : New Walk Query [v:1, myhome, localhost, 161, 1.3.6.1.2.1.2.2.1.11]
09/17/2020 12:05:51 PM INFO snmpQuery.snmpGet [line = 12] : New Get Query [v:1, GustavoGarciaSanchez, localhost, 161, ['1.3.6.1.2.1.5.21.0', '1.3.6.1.2.1.4.3.0', '1.3.6.1.2.1.6.10.0', '1.3.6.1.2.1.7.4.0']]
09/17/2020 12:05:51 PM INFO snmpQuery.snmpWalk [line = 41] : New Walk Query [v:1, GustavoGarciaSanchez, localhost, 161, 1.3.6.1.2.1.2.2.1.11]
09/17/2020 12:05:51 PM INFO snmpQuery.snmpGet [line = 12] : New Get Query [v:1, myhome, localhost, 161, ['1.3.6.1.2.1.5.21.0', '1.3.6.1.2.1.4.3.0', '1.3.6.1.2.1.6.10.0', '1.3.6.1.2.1.7.4.0']]
09/17/2020 12:05:51 PM INFO snmpQuery.snmpWalk [line = 41] : New Walk Query [v:1, myhome, localhost, 161, 1.3.6.1.2.1.2.2.1.11]
09/17/2020 12:06:01 PM INFO snmpQuery.snmpGet [line = 12] : New Get Query [v:1, GustavoGarciaSanchez, localhost, 161, ['1.3.6.1.2.1.5.21.0', '1.3.6.1.2.1.4.3.0', '1.3.6.1.2.1.6.10.0', '1.3.6.1.2.1.7.4.0']]
09/17/2020 12:06:01 PM INFO snmpQuery.snmpWalk [line = 41] : New Walk Query [v:1, GustavoGarciaSanchez, localhost, 161, 1.3.6.1.2.1.2.2.1.11]
09/17/2020 12:06:01 PM INFO snmpQuery.snmpGet [line = 12] : New Get Query [v:1, myhome, localhost, 161, ['1.3.6.1.2.1.5.21.0', '1.3.6.1.2.1.4.3.0', '1.3.6.1.2.1.6.10.0', '1.3.6.1.2.1.7.4.0']]
09/17/2020 12:06:01 PM INFO snmpQuery.snmpWalk [line = 41] : New Walk Query [v:1, myhome, localhost, 161, 1.3.6.1.2.1.2.2.1.11]
09/17/2020 12:06:11 PM INFO snmpQuery.snmpGet [line = 12] : New Get Query [v:1, GustavoGarciaSanchez, localhost, 161, ['1.3.6.1.2.1.5.21.0', '1.3.6.1.2.1.4.3.0', '1.3.6.1.2.1.6.10.0', '1.3.6.1.2.1.7.4.0']]
09/17/2020 12:06:11 PM INFO snmpQuery.snmpWalk [line = 41] : New Walk Query [v:1, GustavoGarciaSanchez, localhost, 161, 1.3.6.1.2.1.2.2.1.11]
09/17/2020 12:06:12 PM INFO snmpQuery.snmpGet [line = 12] : New Get Query [v:1, myhome, localhost, 161, ['1.3.6.1.2.1.5.21.0', '1.3.6.1.2.1.4.3.0', '1.3.6.1.2.1.6.10.0', '1.3.6.1.2.1.7.4.0']]
09/17/2020 12:06:12 PM INFO snmpQuery.snmpWalk [line = 41] : New Walk Query [v:1, myhome, localhost, 161, 1.3.6.1.2.1.2.2.1.11]
09/17/2020 12:06:22 PM INFO snmpQuery.snmpGet [line = 12] : New Get Query [v:1, GustavoGarciaSanchez, localhost, 161, ['1.3.6.1.2.1.5.21.0', '1.3.6.1.2.1.4.3.0', '1.3.6.1.2.1.6.10.0', '1.3.6.1.2.1.7.4.0']]
09/17/2020 12:06:22 PM INFO snmpQuery.snmpWalk [line = 41] : New Walk Query [v:1, GustavoGarciaSanchez, localhost, 161, 1.3.6.1.2.1.2.2.1.11]
09/17/2020 12:06:22 PM INFO snmpQuery.snmpGet [line = 12] : New Get Query [v:1, myhome, localhost, 161, ['1.3.6.1.2.1.5.21.0', '1.3.6.1.2.1.4.3.0', '1.3.6.1.2.1.6.10.0', '1.3.6.1.2.1.7.4.0']]
09/17/2020 12:06:22 PM INFO snmpQuery.snmpWalk [line = 41] : New Walk Query [v:1, myhome, localhost, 161, 1.3.6.1.2.1.2.2.1.11]
09/17/2020 12:06:32 PM INFO snmpQuery.snmpGet [line = 12] : New Get Query [v:1, GustavoGarciaSanchez, localhost, 161, ['1.3.6.1.2.1.5.21.0', '1.3.6.1.2.1.4.3.0', '1.3.6.1.2.1.6.10.0', '1.3.6.1.2.1.7.4.0']]
09/17/2020 12:06:32 PM INFO snmpQuery.snmpWalk [line = 41] : New Walk Query [v:1, GustavoGarciaSanchez, localhost, 161, 1.3.6.1.2.1.2.2.1.11]
09/17/2020 12:06:32 PM INFO snmpQuery.snmpGet [line = 12] : New Get Query [v:1, myhome, localhost, 161, ['1.3.6.1.2.1.5.21.0', '1.3.6.1.2.1.4.3.0', '1.3.6.1.2.1.6.10.0', '1.3.6.1.2.1.7.4.0']]
09/17/2020 12:06:32 PM INFO snmpQuery.snmpWalk [line = 41] : New Walk Query [v:1, myhome, localhost, 161, 1.3.6.1.2.1.2.2.1.11]
09/17/2020 12:06:42 PM INFO snmpQuery.snmpGet [line = 12] : New Get Query [v:1, GustavoGarciaSanchez, localhost, 161, ['1.3.6.1.2.1.5.21.0', '1.3.6.1.2.1.4.3.0', '1.3.6.1.2.1.6.10.0', '1.3.6.1.2.1.7.4.0']]
09/17/2020 12:06:42 PM INFO snmpQuery.snmpWalk [line = 41] : New Walk Query [v:1, GustavoGarciaSanchez, localhost, 161, 1.3.6.1.2.1.2.2.1.11]
09/17/2020 12:06:42 PM INFO snmpQuery.snmpGet [line = 12] : New Get Query [v:1, myhome, localhost, 161, ['1.3.6.1.2.1.5.21.0', '1.3.6.1.2.1.4.3.0', '1.3.6.1.2.1.6.10.0', '1.3.6.1.2.1.7.4.0']]
09/17/2020 12:06:43 PM INFO snmpQuery.snmpWalk [line = 41] : New Walk Query [v:1, myhome, localhost, 161, 1.3.6.1.2.1.2.2.1.11]
09/17/2020 12:06:53 PM INFO snmpQuery.snmpGet [line = 12] : New Get Query [v:1, GustavoGarciaSanchez, localhost, 161, ['1.3.6.1.2.1.5.21.0', '1.3.6.1.2.1.4.3.0', '1.3.6.1.2.1.6.10.0', '1.3.6.1.2.1.7.4.0']]
09/17/2020 12:06:53 PM INFO snmpQuery.snmpWalk [line = 41] : New Walk Query [v:1, GustavoGarciaSanchez, localhost, 161, 1.3.6.1.2.1.2.2.1.11]
09/17/2020 12:06:53 PM INFO snmpQuery.snmpGet [line = 12] : New Get Query [v:1, myhome, localhost, 161, ['1.3.6.1.2.1.5.21.0', '1.3.6.1.2.1.4.3.0', '1.3.6.1.2.1.6.10.0', '1.3.6.1.2.1.7.4.0']]
09/17/2020 12:06:53 PM INFO snmpQuery.snmpWalk [line = 41] : New Walk Query [v:1, myhome, localhost, 161, 1.3.6.1.2.1.2.2.1.11]
09/17/2020 12:07:03 PM INFO snmpQuery.snmpGet [line = 12] : New Get Query [v:1, GustavoGarciaSanchez, localhost, 161, ['1.3.6.1.2.1.5.21.0', '1.3.6.1.2.1.4.3.0', '1.3.6.1.2.1.6.10.0', '1.3.6.1.2.1.7.4.0']]
09/17/2020 12:07:03 PM INFO snmpQuery.snmpWalk [line = 41] : New Walk Query [v:1, GustavoGarciaSanchez, localhost, 161, 1.3.6.1.2.1.2.2.1.11]
09/17/2020 12:07:03 PM INFO snmpQuery.snmpGet [line = 12] : New Get Query [v:1, myhome, localhost, 161, ['1.3.6.1.2.1.5.21.0', '1.3.6.1.2.1.4.3.0', '1.3.6.1.2.1.6.10.0', '1.3.6.1.2.1.7.4.0']]
09/17/2020 12:07:03 PM INFO snmpQuery.snmpWalk [line = 41] : New Walk Query [v:1, myhome, localhost, 161, 1.3.6.1.2.1.2.2.1.11]
09/17/2020 12:07:13 PM INFO snmpQuery.snmpGet [line = 12] : New Get Query [v:1, GustavoGarciaSanchez, localhost, 161, ['1.3.6.1.2.1.5.21.0', '1.3.6.1.2.1.4.3.0', '1.3.6.1.2.1.6.10.0', '1.3.6.1.2.1.7.4.0']]
09/17/2020 12:07:13 PM INFO snmpQuery.snmpWalk [line = 41] : New Walk Query [v:1, GustavoGarciaSanchez, localhost, 161, 1.3.6.1.2.1.2.2.1.11]
09/17/2020 12:07:13 PM INFO snmpQuery.snmpGet [line = 12] : New Get Query [v:1, myhome, localhost, 161, ['1.3.6.1.2.1.5.21.0', '1.3.6.1.2.1.4.3.0', '1.3.6.1.2.1.6.10.0', '1.3.6.1.2.1.7.4.0']]
09/17/2020 12:07:14 PM INFO snmpQuery.snmpWalk [line = 41] : New Walk Query [v:1, myhome, localhost, 161, 1.3.6.1.2.1.2.2.1.11]
09/17/2020 12:07:23 PM INFO snmpQuery.snmpGet [line = 12] : New Get Query [v:1, GustavoGarciaSanchez, localhost, 161, ['1.3.6.1.2.1.5.21.0', '1.3.6.1.2.1.4.3.0', '1.3.6.1.2.1.6.10.0', '1.3.6.1.2.1.7.4.0']]
09/17/2020 12:07:23 PM INFO snmpQuery.snmpWalk [line = 41] : New Walk Query [v:1, GustavoGarciaSanchez, localhost, 161, 1.3.6.1.2.1.2.2.1.11]
09/17/2020 12:07:24 PM INFO snmpQuery.snmpGet [line = 12] : New Get Query [v:1, myhome, localhost, 161, ['1.3.6.1.2.1.5.21.0', '1.3.6.1.2.1.4.3.0', '1.3.6.1.2.1.6.10.0', '1.3.6.1.2.1.7.4.0']]
09/17/2020 12:07:24 PM INFO snmpQuery.snmpWalk [line = 41] : New Walk Query [v:1, myhome, localhost, 161, 1.3.6.1.2.1.2.2.1.11]
09/17/2020 12:07:33 PM INFO snmpQuery.snmpGet [line = 12] : New Get Query [v:1, GustavoGarciaSanchez, localhost, 161, ['1.3.6.1.2.1.5.21.0', '1.3.6.1.2.1.4.3.0', '1.3.6.1.2.1.6.10.0', '1.3.6.1.2.1.7.4.0']]
09/17/2020 12:07:34 PM INFO snmpQuery.snmpWalk [line = 41] : New Walk Query [v:1, GustavoGarciaSanchez, localhost, 161, 1.3.6.1.2.1.2.2.1.11]
09/17/2020 12:07:34 PM INFO snmpQuery.snmpGet [line = 12] : New Get Query [v:1, myhome, localhost, 161, ['1.3.6.1.2.1.5.21.0', '1.3.6.1.2.1.4.3.0', '1.3.6.1.2.1.6.10.0', '1.3.6.1.2.1.7.4.0']]
09/17/2020 12:07:34 PM INFO snmpQuery.snmpWalk [line = 41] : New Walk Query [v:1, myhome, localhost, 161, 1.3.6.1.2.1.2.2.1.11]
09/17/2020 12:07:44 PM INFO snmpQuery.snmpGet [line = 12] : New Get Query [v:1, GustavoGarciaSanchez, localhost, 161, ['1.3.6.1.2.1.5.21.0', '1.3.6.1.2.1.4.3.0', '1.3.6.1.2.1.6.10.0', '1.3.6.1.2.1.7.4.0']]
09/17/2020 12:07:44 PM INFO snmpQuery.snmpWalk [line = 41] : New Walk Query [v:1, GustavoGarciaSanchez, localhost, 161, 1.3.6.1.2.1.2.2.1.11]
09/17/2020 12:07:44 PM INFO snmpQuery.snmpGet [line = 12] : New Get Query [v:1, myhome, localhost, 161, ['1.3.6.1.2.1.5.21.0', '1.3.6.1.2.1.4.3.0', '1.3.6.1.2.1.6.10.0', '1.3.6.1.2.1.7.4.0']]
09/17/2020 12:07:44 PM INFO snmpQuery.snmpWalk [line = 41] : New Walk Query [v:1, myhome, localhost, 161, 1.3.6.1.2.1.2.2.1.11]
09/17/2020 12:07:54 PM INFO snmpQuery.snmpGet [line = 12] : New Get Query [v:1, GustavoGarciaSanchez, localhost, 161, ['1.3.6.1.2.1.5.21.0', '1.3.6.1.2.1.4.3.0', '1.3.6.1.2.1.6.10.0', '1.3.6.1.2.1.7.4.0']]
09/17/2020 12:07:54 PM INFO snmpQuery.snmpWalk [line = 41] : New Walk Query [v:1, GustavoGarciaSanchez, localhost, 161, 1.3.6.1.2.1.2.2.1.11]
09/17/2020 12:07:54 PM INFO snmpQuery.snmpGet [line = 12] : New Get Query [v:1, myhome, localhost, 161, ['1.3.6.1.2.1.5.21.0', '1.3.6.1.2.1.4.3.0', '1.3.6.1.2.1.6.10.0', '1.3.6.1.2.1.7.4.0']]
09/17/2020 12:07:55 PM INFO snmpQuery.snmpWalk [line = 41] : New Walk Query [v:1, myhome, localhost, 161, 1.3.6.1.2.1.2.2.1.11]
09/17/2020 12:08:04 PM INFO snmpQuery.snmpGet [line = 12] : New Get Query [v:1, GustavoGarciaSanchez, localhost, 161, ['1.3.6.1.2.1.5.21.0', '1.3.6.1.2.1.4.3.0', '1.3.6.1.2.1.6.10.0', '1.3.6.1.2.1.7.4.0']]
09/17/2020 12:08:04 PM INFO snmpQuery.snmpWalk [line = 41] : New Walk Query [v:1, GustavoGarciaSanchez, localhost, 161, 1.3.6.1.2.1.2.2.1.11]
09/17/2020 12:08:05 PM INFO snmpQuery.snmpGet [line = 12] : New Get Query [v:1, myhome, localhost, 161, ['1.3.6.1.2.1.5.21.0', '1.3.6.1.2.1.4.3.0', '1.3.6.1.2.1.6.10.0', '1.3.6.1.2.1.7.4.0']]
09/17/2020 12:08:05 PM INFO snmpQuery.snmpWalk [line = 41] : New Walk Query [v:1, myhome, localhost, 161, 1.3.6.1.2.1.2.2.1.11]
09/17/2020 12:08:15 PM INFO snmpQuery.snmpGet [line = 12] : New Get Query [v:1, GustavoGarciaSanchez, localhost, 161, ['1.3.6.1.2.1.5.21.0', '1.3.6.1.2.1.4.3.0', '1.3.6.1.2.1.6.10.0', '1.3.6.1.2.1.7.4.0']]
09/17/2020 12:08:15 PM INFO snmpQuery.snmpWalk [line = 41] : New Walk Query [v:1, GustavoGarciaSanchez, localhost, 161, 1.3.6.1.2.1.2.2.1.11]
09/17/2020 12:08:15 PM INFO snmpQuery.snmpGet [line = 12] : New Get Query [v:1, myhome, localhost, 161, ['1.3.6.1.2.1.5.21.0', '1.3.6.1.2.1.4.3.0', '1.3.6.1.2.1.6.10.0', '1.3.6.1.2.1.7.4.0']]
09/17/2020 12:08:15 PM INFO snmpQuery.snmpWalk [line = 41] : New Walk Query [v:1, myhome, localhost, 161, 1.3.6.1.2.1.2.2.1.11]
09/17/2020 12:08:25 PM INFO snmpQuery.snmpGet [line = 12] : New Get Query [v:1, GustavoGarciaSanchez, localhost, 161, ['1.3.6.1.2.1.5.21.0', '1.3.6.1.2.1.4.3.0', '1.3.6.1.2.1.6.10.0', '1.3.6.1.2.1.7.4.0']]
09/17/2020 12:08:25 PM INFO snmpQuery.snmpWalk [line = 41] : New Walk Query [v:1, GustavoGarciaSanchez, localhost, 161, 1.3.6.1.2.1.2.2.1.11]
09/17/2020 12:08:25 PM INFO snmpQuery.snmpGet [line = 12] : New Get Query [v:1, myhome, localhost, 161, ['1.3.6.1.2.1.5.21.0', '1.3.6.1.2.1.4.3.0', '1.3.6.1.2.1.6.10.0', '1.3.6.1.2.1.7.4.0']]
09/17/2020 12:08:25 PM INFO snmpQuery.snmpWalk [line = 41] : New Walk Query [v:1, myhome, localhost, 161, 1.3.6.1.2.1.2.2.1.11]
09/17/2020 12:08:35 PM INFO snmpQuery.snmpGet [line = 12] : New Get Query [v:1, GustavoGarciaSanchez, localhost, 161, ['1.3.6.1.2.1.5.21.0', '1.3.6.1.2.1.4.3.0', '1.3.6.1.2.1.6.10.0', '1.3.6.1.2.1.7.4.0']]
09/17/2020 12:08:35 PM INFO snmpQuery.snmpWalk [line = 41] : New Walk Query [v:1, GustavoGarciaSanchez, localhost, 161, 1.3.6.1.2.1.2.2.1.11]
09/17/2020 12:08:35 PM INFO snmpQuery.snmpGet [line = 12] : New Get Query [v:1, myhome, localhost, 161, ['1.3.6.1.2.1.5.21.0', '1.3.6.1.2.1.4.3.0', '1.3.6.1.2.1.6.10.0', '1.3.6.1.2.1.7.4.0']]
09/17/2020 12:08:35 PM INFO snmpQuery.snmpWalk [line = 41] : New Walk Query [v:1, myhome, localhost, 161, 1.3.6.1.2.1.2.2.1.11]
09/17/2020 12:08:45 PM INFO snmpQuery.snmpGet [line = 12] : New Get Query [v:1, GustavoGarciaSanchez, localhost, 161, ['1.3.6.1.2.1.5.21.0', '1.3.6.1.2.1.4.3.0', '1.3.6.1.2.1.6.10.0', '1.3.6.1.2.1.7.4.0']]
09/17/2020 12:08:45 PM INFO snmpQuery.snmpWalk [line = 41] : New Walk Query [v:1, GustavoGarciaSanchez, localhost, 161, 1.3.6.1.2.1.2.2.1.11]
09/17/2020 12:08:46 PM INFO snmpQuery.snmpGet [line = 12] : New Get Query [v:1, myhome, localhost, 161, ['1.3.6.1.2.1.5.21.0', '1.3.6.1.2.1.4.3.0', '1.3.6.1.2.1.6.10.0', '1.3.6.1.2.1.7.4.0']]
09/17/2020 12:08:46 PM INFO snmpQuery.snmpWalk [line = 41] : New Walk Query [v:1, myhome, localhost, 161, 1.3.6.1.2.1.2.2.1.11]
09/17/2020 12:08:55 PM INFO snmpQuery.snmpGet [line = 12] : New Get Query [v:1, GustavoGarciaSanchez, localhost, 161, ['1.3.6.1.2.1.5.21.0', '1.3.6.1.2.1.4.3.0', '1.3.6.1.2.1.6.10.0', '1.3.6.1.2.1.7.4.0']]
09/17/2020 12:08:56 PM INFO snmpQuery.snmpWalk [line = 41] : New Walk Query [v:1, GustavoGarciaSanchez, localhost, 161, 1.3.6.1.2.1.2.2.1.11]
09/17/2020 12:08:56 PM INFO snmpQuery.snmpGet [line = 12] : New Get Query [v:1, myhome, localhost, 161, ['1.3.6.1.2.1.5.21.0', '1.3.6.1.2.1.4.3.0', '1.3.6.1.2.1.6.10.0', '1.3.6.1.2.1.7.4.0']]
09/17/2020 12:08:56 PM INFO snmpQuery.snmpWalk [line = 41] : New Walk Query [v:1, myhome, localhost, 161, 1.3.6.1.2.1.2.2.1.11]
09/17/2020 12:09:06 PM INFO snmpQuery.snmpGet [line = 12] : New Get Query [v:1, GustavoGarciaSanchez, localhost, 161, ['1.3.6.1.2.1.5.21.0', '1.3.6.1.2.1.4.3.0', '1.3.6.1.2.1.6.10.0', '1.3.6.1.2.1.7.4.0']]
09/17/2020 12:09:06 PM INFO snmpQuery.snmpWalk [line = 41] : New Walk Query [v:1, GustavoGarciaSanchez, localhost, 161, 1.3.6.1.2.1.2.2.1.11]
09/17/2020 12:09:06 PM INFO snmpQuery.snmpGet [line = 12] : New Get Query [v:1, myhome, localhost, 161, ['1.3.6.1.2.1.5.21.0', '1.3.6.1.2.1.4.3.0', '1.3.6.1.2.1.6.10.0', '1.3.6.1.2.1.7.4.0']]
09/17/2020 12:09:06 PM INFO snmpQuery.snmpWalk [line = 41] : New Walk Query [v:1, myhome, localhost, 161, 1.3.6.1.2.1.2.2.1.11]
09/17/2020 12:09:16 PM INFO snmpQuery.snmpGet [line = 12] : New Get Query [v:1, GustavoGarciaSanchez, localhost, 161, ['1.3.6.1.2.1.5.21.0', '1.3.6.1.2.1.4.3.0', '1.3.6.1.2.1.6.10.0', '1.3.6.1.2.1.7.4.0']]
09/17/2020 12:09:16 PM INFO snmpQuery.snmpWalk [line = 41] : New Walk Query [v:1, GustavoGarciaSanchez, localhost, 161, 1.3.6.1.2.1.2.2.1.11]
09/17/2020 12:09:16 PM INFO snmpQuery.snmpGet [line = 12] : New Get Query [v:1, myhome, localhost, 161, ['1.3.6.1.2.1.5.21.0', '1.3.6.1.2.1.4.3.0', '1.3.6.1.2.1.6.10.0', '1.3.6.1.2.1.7.4.0']]
09/17/2020 12:09:16 PM INFO snmpQuery.snmpWalk [line = 41] : New Walk Query [v:1, myhome, localhost, 161, 1.3.6.1.2.1.2.2.1.11]
09/17/2020 12:09:26 PM INFO snmpQuery.snmpGet [line = 12] : New Get Query [v:1, GustavoGarciaSanchez, localhost, 161, ['1.3.6.1.2.1.5.21.0', '1.3.6.1.2.1.4.3.0', '1.3.6.1.2.1.6.10.0', '1.3.6.1.2.1.7.4.0']]
09/17/2020 12:09:26 PM INFO snmpQuery.snmpWalk [line = 41] : New Walk Query [v:1, GustavoGarciaSanchez, localhost, 161, 1.3.6.1.2.1.2.2.1.11]
09/17/2020 12:09:26 PM INFO snmpQuery.snmpGet [line = 12] : New Get Query [v:1, myhome, localhost, 161, ['1.3.6.1.2.1.5.21.0', '1.3.6.1.2.1.4.3.0', '1.3.6.1.2.1.6.10.0', '1.3.6.1.2.1.7.4.0']]
09/17/2020 12:09:27 PM INFO snmpQuery.snmpWalk [line = 41] : New Walk Query [v:1, myhome, localhost, 161, 1.3.6.1.2.1.2.2.1.11]
09/17/2020 12:09:36 PM INFO snmpQuery.snmpGet [line = 12] : New Get Query [v:1, GustavoGarciaSanchez, localhost, 161, ['1.3.6.1.2.1.5.21.0', '1.3.6.1.2.1.4.3.0', '1.3.6.1.2.1.6.10.0', '1.3.6.1.2.1.7.4.0']]
09/17/2020 12:09:36 PM INFO snmpQuery.snmpWalk [line = 41] : New Walk Query [v:1, GustavoGarciaSanchez, localhost, 161, 1.3.6.1.2.1.2.2.1.11]
09/17/2020 12:09:37 PM INFO snmpQuery.snmpGet [line = 12] : New Get Query [v:1, myhome, localhost, 161, ['1.3.6.1.2.1.5.21.0', '1.3.6.1.2.1.4.3.0', '1.3.6.1.2.1.6.10.0', '1.3.6.1.2.1.7.4.0']]
09/17/2020 12:09:37 PM INFO snmpQuery.snmpWalk [line = 41] : New Walk Query [v:1, myhome, localhost, 161, 1.3.6.1.2.1.2.2.1.11]
09/17/2020 12:09:47 PM INFO snmpQuery.snmpGet [line = 12] : New Get Query [v:1, GustavoGarciaSanchez, localhost, 161, ['1.3.6.1.2.1.5.21.0', '1.3.6.1.2.1.4.3.0', '1.3.6.1.2.1.6.10.0', '1.3.6.1.2.1.7.4.0']]
09/17/2020 12:09:47 PM INFO snmpQuery.snmpWalk [line = 41] : New Walk Query [v:1, GustavoGarciaSanchez, localhost, 161, 1.3.6.1.2.1.2.2.1.11]
09/17/2020 12:09:47 PM INFO snmpQuery.snmpGet [line = 12] : New Get Query [v:1, myhome, localhost, 161, ['1.3.6.1.2.1.5.21.0', '1.3.6.1.2.1.4.3.0', '1.3.6.1.2.1.6.10.0', '1.3.6.1.2.1.7.4.0']]
09/17/2020 12:09:47 PM INFO snmpQuery.snmpWalk [line = 41] : New Walk Query [v:1, myhome, localhost, 161, 1.3.6.1.2.1.2.2.1.11]
09/17/2020 12:09:57 PM INFO snmpQuery.snmpGet [line = 12] : New Get Query [v:1, GustavoGarciaSanchez, localhost, 161, ['1.3.6.1.2.1.5.21.0', '1.3.6.1.2.1.4.3.0', '1.3.6.1.2.1.6.10.0', '1.3.6.1.2.1.7.4.0']]
09/17/2020 12:09:57 PM INFO snmpQuery.snmpWalk [line = 41] : New Walk Query [v:1, GustavoGarciaSanchez, localhost, 161, 1.3.6.1.2.1.2.2.1.11]
09/17/2020 12:09:57 PM INFO snmpQuery.snmpGet [line = 12] : New Get Query [v:1, myhome, localhost, 161, ['1.3.6.1.2.1.5.21.0', '1.3.6.1.2.1.4.3.0', '1.3.6.1.2.1.6.10.0', '1.3.6.1.2.1.7.4.0']]
09/17/2020 12:09:57 PM INFO snmpQuery.snmpWalk [line = 41] : New Walk Query [v:1, myhome, localhost, 161, 1.3.6.1.2.1.2.2.1.11]
09/17/2020 12:10:07 PM INFO snmpQuery.snmpGet [line = 12] : New Get Query [v:1, GustavoGarciaSanchez, localhost, 161, ['1.3.6.1.2.1.5.21.0', '1.3.6.1.2.1.4.3.0', '1.3.6.1.2.1.6.10.0', '1.3.6.1.2.1.7.4.0']]
09/17/2020 12:10:07 PM INFO snmpQuery.snmpWalk [line = 41] : New Walk Query [v:1, GustavoGarciaSanchez, localhost, 161, 1.3.6.1.2.1.2.2.1.11]
09/17/2020 12:10:07 PM INFO snmpQuery.snmpGet [line = 12] : New Get Query [v:1, myhome, localhost, 161, ['1.3.6.1.2.1.5.21.0', '1.3.6.1.2.1.4.3.0', '1.3.6.1.2.1.6.10.0', '1.3.6.1.2.1.7.4.0']]
09/17/2020 12:10:07 PM INFO snmpQuery.snmpWalk [line = 41] : New Walk Query [v:1, myhome, localhost, 161, 1.3.6.1.2.1.2.2.1.11]
09/17/2020 12:10:17 PM INFO snmpQuery.snmpGet [line = 12] : New Get Query [v:1, GustavoGarciaSanchez, localhost, 161, ['1.3.6.1.2.1.5.21.0', '1.3.6.1.2.1.4.3.0', '1.3.6.1.2.1.6.10.0', '1.3.6.1.2.1.7.4.0']]
09/17/2020 12:10:17 PM INFO snmpQuery.snmpWalk [line = 41] : New Walk Query [v:1, GustavoGarciaSanchez, localhost, 161, 1.3.6.1.2.1.2.2.1.11]
09/17/2020 12:10:18 PM INFO snmpQuery.snmpGet [line = 12] : New Get Query [v:1, myhome, localhost, 161, ['1.3.6.1.2.1.5.21.0', '1.3.6.1.2.1.4.3.0', '1.3.6.1.2.1.6.10.0', '1.3.6.1.2.1.7.4.0']]
09/17/2020 12:10:18 PM INFO snmpQuery.snmpWalk [line = 41] : New Walk Query [v:1, myhome, localhost, 161, 1.3.6.1.2.1.2.2.1.11]
09/17/2020 12:10:27 PM INFO snmpQuery.snmpGet [line = 12] : New Get Query [v:1, GustavoGarciaSanchez, localhost, 161, ['1.3.6.1.2.1.5.21.0', '1.3.6.1.2.1.4.3.0', '1.3.6.1.2.1.6.10.0', '1.3.6.1.2.1.7.4.0']]
09/17/2020 12:10:28 PM INFO snmpQuery.snmpWalk [line = 41] : New Walk Query [v:1, GustavoGarciaSanchez, localhost, 161, 1.3.6.1.2.1.2.2.1.11]
09/17/2020 12:10:28 PM INFO snmpQuery.snmpGet [line = 12] : New Get Query [v:1, myhome, localhost, 161, ['1.3.6.1.2.1.5.21.0', '1.3.6.1.2.1.4.3.0', '1.3.6.1.2.1.6.10.0', '1.3.6.1.2.1.7.4.0']]
09/17/2020 12:10:28 PM INFO snmpQuery.snmpWalk [line = 41] : New Walk Query [v:1, myhome, localhost, 161, 1.3.6.1.2.1.2.2.1.11]
09/17/2020 12:10:38 PM INFO snmpQuery.snmpGet [line = 12] : New Get Query [v:1, GustavoGarciaSanchez, localhost, 161, ['1.3.6.1.2.1.5.21.0', '1.3.6.1.2.1.4.3.0', '1.3.6.1.2.1.6.10.0', '1.3.6.1.2.1.7.4.0']]
09/17/2020 12:10:38 PM INFO snmpQuery.snmpWalk [line = 41] : New Walk Query [v:1, GustavoGarciaSanchez, localhost, 161, 1.3.6.1.2.1.2.2.1.11]
09/17/2020 12:10:38 PM INFO snmpQuery.snmpGet [line = 12] : New Get Query [v:1, myhome, localhost, 161, ['1.3.6.1.2.1.5.21.0', '1.3.6.1.2.1.4.3.0', '1.3.6.1.2.1.6.10.0', '1.3.6.1.2.1.7.4.0']]
09/17/2020 12:10:38 PM INFO snmpQuery.snmpWalk [line = 41] : New Walk Query [v:1, myhome, localhost, 161, 1.3.6.1.2.1.2.2.1.11]
09/17/2020 12:10:48 PM INFO snmpQuery.snmpGet [line = 12] : New Get Query [v:1, GustavoGarciaSanchez, localhost, 161, ['1.3.6.1.2.1.5.21.0', '1.3.6.1.2.1.4.3.0', '1.3.6.1.2.1.6.10.0', '1.3.6.1.2.1.7.4.0']]
09/17/2020 12:10:48 PM INFO snmpQuery.snmpWalk [line = 41] : New Walk Query [v:1, GustavoGarciaSanchez, localhost, 161, 1.3.6.1.2.1.2.2.1.11]
09/17/2020 12:10:48 PM INFO snmpQuery.snmpGet [line = 12] : New Get Query [v:1, myhome, localhost, 161, ['1.3.6.1.2.1.5.21.0', '1.3.6.1.2.1.4.3.0', '1.3.6.1.2.1.6.10.0', '1.3.6.1.2.1.7.4.0']]
09/17/2020 12:10:48 PM INFO snmpQuery.snmpWalk [line = 41] : New Walk Query [v:1, myhome, localhost, 161, 1.3.6.1.2.1.2.2.1.11]
09/17/2020 12:10:58 PM INFO snmpQuery.snmpGet [line = 12] : New Get Query [v:1, GustavoGarciaSanchez, localhost, 161, ['1.3.6.1.2.1.5.21.0', '1.3.6.1.2.1.4.3.0', '1.3.6.1.2.1.6.10.0', '1.3.6.1.2.1.7.4.0']]
09/17/2020 12:10:58 PM INFO snmpQuery.snmpWalk [line = 41] : New Walk Query [v:1, GustavoGarciaSanchez, localhost, 161, 1.3.6.1.2.1.2.2.1.11]
09/17/2020 12:10:58 PM INFO snmpQuery.snmpGet [line = 12] : New Get Query [v:1, myhome, localhost, 161, ['1.3.6.1.2.1.5.21.0', '1.3.6.1.2.1.4.3.0', '1.3.6.1.2.1.6.10.0', '1.3.6.1.2.1.7.4.0']]
09/17/2020 12:10:59 PM INFO snmpQuery.snmpWalk [line = 41] : New Walk Query [v:1, myhome, localhost, 161, 1.3.6.1.2.1.2.2.1.11]
09/17/2020 12:11:08 PM INFO snmpQuery.snmpGet [line = 12] : New Get Query [v:1, GustavoGarciaSanchez, localhost, 161, ['1.3.6.1.2.1.5.21.0', '1.3.6.1.2.1.4.3.0', '1.3.6.1.2.1.6.10.0', '1.3.6.1.2.1.7.4.0']]
09/17/2020 12:11:08 PM INFO snmpQuery.snmpWalk [line = 41] : New Walk Query [v:1, GustavoGarciaSanchez, localhost, 161, 1.3.6.1.2.1.2.2.1.11]
09/17/2020 12:11:09 PM INFO snmpQuery.snmpGet [line = 12] : New Get Query [v:1, myhome, localhost, 161, ['1.3.6.1.2.1.5.21.0', '1.3.6.1.2.1.4.3.0', '1.3.6.1.2.1.6.10.0', '1.3.6.1.2.1.7.4.0']]
09/17/2020 12:11:09 PM INFO snmpQuery.snmpWalk [line = 41] : New Walk Query [v:1, myhome, localhost, 161, 1.3.6.1.2.1.2.2.1.11]
09/17/2020 12:11:18 PM INFO snmpQuery.snmpGet [line = 12] : New Get Query [v:1, GustavoGarciaSanchez, localhost, 161, ['1.3.6.1.2.1.5.21.0', '1.3.6.1.2.1.4.3.0', '1.3.6.1.2.1.6.10.0', '1.3.6.1.2.1.7.4.0']]
09/17/2020 12:11:19 PM INFO snmpQuery.snmpWalk [line = 41] : New Walk Query [v:1, GustavoGarciaSanchez, localhost, 161, 1.3.6.1.2.1.2.2.1.11]
09/17/2020 12:11:19 PM INFO snmpQuery.snmpGet [line = 12] : New Get Query [v:1, myhome, localhost, 161, ['1.3.6.1.2.1.5.21.0', '1.3.6.1.2.1.4.3.0', '1.3.6.1.2.1.6.10.0', '1.3.6.1.2.1.7.4.0']]
09/17/2020 12:11:19 PM INFO snmpQuery.snmpWalk [line = 41] : New Walk Query [v:1, myhome, localhost, 161, 1.3.6.1.2.1.2.2.1.11]
09/17/2020 12:11:29 PM INFO snmpQuery.snmpGet [line = 12] : New Get Query [v:1, GustavoGarciaSanchez, localhost, 161, ['1.3.6.1.2.1.5.21.0', '1.3.6.1.2.1.4.3.0', '1.3.6.1.2.1.6.10.0', '1.3.6.1.2.1.7.4.0']]
09/17/2020 12:11:29 PM INFO snmpQuery.snmpWalk [line = 41] : New Walk Query [v:1, GustavoGarciaSanchez, localhost, 161, 1.3.6.1.2.1.2.2.1.11]
09/17/2020 12:11:29 PM INFO snmpQuery.snmpGet [line = 12] : New Get Query [v:1, myhome, localhost, 161, ['1.3.6.1.2.1.5.21.0', '1.3.6.1.2.1.4.3.0', '1.3.6.1.2.1.6.10.0', '1.3.6.1.2.1.7.4.0']]
09/17/2020 12:11:29 PM INFO snmpQuery.snmpWalk [line = 41] : New Walk Query [v:1, myhome, localhost, 161, 1.3.6.1.2.1.2.2.1.11]
09/17/2020 12:11:39 PM INFO snmpQuery.snmpGet [line = 12] : New Get Query [v:1, GustavoGarciaSanchez, localhost, 161, ['1.3.6.1.2.1.5.21.0', '1.3.6.1.2.1.4.3.0', '1.3.6.1.2.1.6.10.0', '1.3.6.1.2.1.7.4.0']]
09/17/2020 12:11:39 PM INFO snmpQuery.snmpWalk [line = 41] : New Walk Query [v:1, GustavoGarciaSanchez, localhost, 161, 1.3.6.1.2.1.2.2.1.11]
09/17/2020 12:11:39 PM INFO snmpQuery.snmpGet [line = 12] : New Get Query [v:1, myhome, localhost, 161, ['1.3.6.1.2.1.5.21.0', '1.3.6.1.2.1.4.3.0', '1.3.6.1.2.1.6.10.0', '1.3.6.1.2.1.7.4.0']]
09/17/2020 12:11:40 PM INFO snmpQuery.snmpWalk [line = 41] : New Walk Query [v:1, myhome, localhost, 161, 1.3.6.1.2.1.2.2.1.11]
09/17/2020 12:11:49 PM INFO snmpQuery.snmpGet [line = 12] : New Get Query [v:1, GustavoGarciaSanchez, localhost, 161, ['1.3.6.1.2.1.5.21.0', '1.3.6.1.2.1.4.3.0', '1.3.6.1.2.1.6.10.0', '1.3.6.1.2.1.7.4.0']]
09/17/2020 12:11:49 PM INFO snmpQuery.snmpWalk [line = 41] : New Walk Query [v:1, GustavoGarciaSanchez, localhost, 161, 1.3.6.1.2.1.2.2.1.11]
09/17/2020 12:11:50 PM INFO snmpQuery.snmpGet [line = 12] : New Get Query [v:1, myhome, localhost, 161, ['1.3.6.1.2.1.5.21.0', '1.3.6.1.2.1.4.3.0', '1.3.6.1.2.1.6.10.0', '1.3.6.1.2.1.7.4.0']]
09/17/2020 12:11:50 PM INFO snmpQuery.snmpWalk [line = 41] : New Walk Query [v:1, myhome, localhost, 161, 1.3.6.1.2.1.2.2.1.11]
09/17/2020 12:11:59 PM INFO snmpQuery.snmpGet [line = 12] : New Get Query [v:1, GustavoGarciaSanchez, localhost, 161, ['1.3.6.1.2.1.5.21.0', '1.3.6.1.2.1.4.3.0', '1.3.6.1.2.1.6.10.0', '1.3.6.1.2.1.7.4.0']]
09/17/2020 12:11:59 PM INFO snmpQuery.snmpWalk [line = 41] : New Walk Query [v:1, GustavoGarciaSanchez, localhost, 161, 1.3.6.1.2.1.2.2.1.11]
09/17/2020 12:12:00 PM INFO snmpQuery.snmpGet [line = 12] : New Get Query [v:1, myhome, localhost, 161, ['1.3.6.1.2.1.5.21.0', '1.3.6.1.2.1.4.3.0', '1.3.6.1.2.1.6.10.0', '1.3.6.1.2.1.7.4.0']]
09/17/2020 12:12:00 PM INFO snmpQuery.snmpWalk [line = 41] : New Walk Query [v:1, myhome, localhost, 161, 1.3.6.1.2.1.2.2.1.11]
09/17/2020 12:12:10 PM INFO snmpQuery.snmpGet [line = 12] : New Get Query [v:1, GustavoGarciaSanchez, localhost, 161, ['1.3.6.1.2.1.5.21.0', '1.3.6.1.2.1.4.3.0', '1.3.6.1.2.1.6.10.0', '1.3.6.1.2.1.7.4.0']]
09/17/2020 12:12:10 PM INFO snmpQuery.snmpWalk [line = 41] : New Walk Query [v:1, GustavoGarciaSanchez, localhost, 161, 1.3.6.1.2.1.2.2.1.11]
09/17/2020 12:12:10 PM INFO snmpQuery.snmpGet [line = 12] : New Get Query [v:1, myhome, localhost, 161, ['1.3.6.1.2.1.5.21.0', '1.3.6.1.2.1.4.3.0', '1.3.6.1.2.1.6.10.0', '1.3.6.1.2.1.7.4.0']]
09/17/2020 12:12:10 PM INFO snmpQuery.snmpWalk [line = 41] : New Walk Query [v:1, myhome, localhost, 161, 1.3.6.1.2.1.2.2.1.11]
09/17/2020 12:12:20 PM INFO snmpQuery.snmpGet [line = 12] : New Get Query [v:1, GustavoGarciaSanchez, localhost, 161, ['1.3.6.1.2.1.5.21.0', '1.3.6.1.2.1.4.3.0', '1.3.6.1.2.1.6.10.0', '1.3.6.1.2.1.7.4.0']]
09/17/2020 12:12:20 PM INFO snmpQuery.snmpWalk [line = 41] : New Walk Query [v:1, GustavoGarciaSanchez, localhost, 161, 1.3.6.1.2.1.2.2.1.11]
09/17/2020 12:12:20 PM INFO snmpQuery.snmpGet [line = 12] : New Get Query [v:1, myhome, localhost, 161, ['1.3.6.1.2.1.5.21.0', '1.3.6.1.2.1.4.3.0', '1.3.6.1.2.1.6.10.0', '1.3.6.1.2.1.7.4.0']]
09/17/2020 12:12:20 PM INFO snmpQuery.snmpWalk [line = 41] : New Walk Query [v:1, myhome, localhost, 161, 1.3.6.1.2.1.2.2.1.11]
09/17/2020 12:12:30 PM INFO snmpQuery.snmpGet [line = 12] : New Get Query [v:1, GustavoGarciaSanchez, localhost, 161, ['1.3.6.1.2.1.5.21.0', '1.3.6.1.2.1.4.3.0', '1.3.6.1.2.1.6.10.0', '1.3.6.1.2.1.7.4.0']]
09/17/2020 12:12:30 PM INFO snmpQuery.snmpWalk [line = 41] : New Walk Query [v:1, GustavoGarciaSanchez, localhost, 161, 1.3.6.1.2.1.2.2.1.11]
09/17/2020 12:12:30 PM INFO snmpQuery.snmpGet [line = 12] : New Get Query [v:1, myhome, localhost, 161, ['1.3.6.1.2.1.5.21.0', '1.3.6.1.2.1.4.3.0', '1.3.6.1.2.1.6.10.0', '1.3.6.1.2.1.7.4.0']]
09/17/2020 12:12:31 PM INFO snmpQuery.snmpWalk [line = 41] : New Walk Query [v:1, myhome, localhost, 161, 1.3.6.1.2.1.2.2.1.11]
09/17/2020 12:12:40 PM INFO snmpQuery.snmpGet [line = 12] : New Get Query [v:1, GustavoGarciaSanchez, localhost, 161, ['1.3.6.1.2.1.5.21.0', '1.3.6.1.2.1.4.3.0', '1.3.6.1.2.1.6.10.0', '1.3.6.1.2.1.7.4.0']]
09/17/2020 12:12:40 PM INFO snmpQuery.snmpWalk [line = 41] : New Walk Query [v:1, GustavoGarciaSanchez, localhost, 161, 1.3.6.1.2.1.2.2.1.11]
09/17/2020 12:12:41 PM INFO snmpQuery.snmpGet [line = 12] : New Get Query [v:1, myhome, localhost, 161, ['1.3.6.1.2.1.5.21.0', '1.3.6.1.2.1.4.3.0', '1.3.6.1.2.1.6.10.0', '1.3.6.1.2.1.7.4.0']]
09/17/2020 12:12:41 PM INFO snmpQuery.snmpWalk [line = 41] : New Walk Query [v:1, myhome, localhost, 161, 1.3.6.1.2.1.2.2.1.11]
09/17/2020 12:12:50 PM INFO snmpQuery.snmpGet [line = 12] : New Get Query [v:1, GustavoGarciaSanchez, localhost, 161, ['1.3.6.1.2.1.5.21.0', '1.3.6.1.2.1.4.3.0', '1.3.6.1.2.1.6.10.0', '1.3.6.1.2.1.7.4.0']]
09/17/2020 12:12:51 PM INFO snmpQuery.snmpWalk [line = 41] : New Walk Query [v:1, GustavoGarciaSanchez, localhost, 161, 1.3.6.1.2.1.2.2.1.11]
09/17/2020 12:12:51 PM INFO snmpQuery.snmpGet [line = 12] : New Get Query [v:1, myhome, localhost, 161, ['1.3.6.1.2.1.5.21.0', '1.3.6.1.2.1.4.3.0', '1.3.6.1.2.1.6.10.0', '1.3.6.1.2.1.7.4.0']]
09/17/2020 12:12:51 PM INFO snmpQuery.snmpWalk [line = 41] : New Walk Query [v:1, myhome, localhost, 161, 1.3.6.1.2.1.2.2.1.11]
09/17/2020 12:13:01 PM INFO snmpQuery.snmpGet [line = 12] : New Get Query [v:1, GustavoGarciaSanchez, localhost, 161, ['1.3.6.1.2.1.5.21.0', '1.3.6.1.2.1.4.3.0', '1.3.6.1.2.1.6.10.0', '1.3.6.1.2.1.7.4.0']]
09/17/2020 12:13:01 PM INFO snmpQuery.snmpWalk [line = 41] : New Walk Query [v:1, GustavoGarciaSanchez, localhost, 161, 1.3.6.1.2.1.2.2.1.11]
09/17/2020 12:13:01 PM INFO snmpQuery.snmpGet [line = 12] : New Get Query [v:1, myhome, localhost, 161, ['1.3.6.1.2.1.5.21.0', '1.3.6.1.2.1.4.3.0', '1.3.6.1.2.1.6.10.0', '1.3.6.1.2.1.7.4.0']]
09/17/2020 12:13:01 PM INFO snmpQuery.snmpWalk [line = 41] : New Walk Query [v:1, myhome, localhost, 161, 1.3.6.1.2.1.2.2.1.11]
09/17/2020 12:13:11 PM INFO snmpQuery.snmpGet [line = 12] : New Get Query [v:1, GustavoGarciaSanchez, localhost, 161, ['1.3.6.1.2.1.5.21.0', '1.3.6.1.2.1.4.3.0', '1.3.6.1.2.1.6.10.0', '1.3.6.1.2.1.7.4.0']]
09/17/2020 12:13:11 PM INFO snmpQuery.snmpWalk [line = 41] : New Walk Query [v:1, GustavoGarciaSanchez, localhost, 161, 1.3.6.1.2.1.2.2.1.11]
09/17/2020 12:13:11 PM INFO snmpQuery.snmpGet [line = 12] : New Get Query [v:1, myhome, localhost, 161, ['1.3.6.1.2.1.5.21.0', '1.3.6.1.2.1.4.3.0', '1.3.6.1.2.1.6.10.0', '1.3.6.1.2.1.7.4.0']]
09/17/2020 12:13:11 PM INFO snmpQuery.snmpWalk [line = 41] : New Walk Query [v:1, myhome, localhost, 161, 1.3.6.1.2.1.2.2.1.11]
09/17/2020 12:13:21 PM INFO snmpQuery.snmpGet [line = 12] : New Get Query [v:1, GustavoGarciaSanchez, localhost, 161, ['1.3.6.1.2.1.5.21.0', '1.3.6.1.2.1.4.3.0', '1.3.6.1.2.1.6.10.0', '1.3.6.1.2.1.7.4.0']]
09/17/2020 12:13:21 PM INFO snmpQuery.snmpWalk [line = 41] : New Walk Query [v:1, GustavoGarciaSanchez, localhost, 161, 1.3.6.1.2.1.2.2.1.11]
09/17/2020 12:13:22 PM INFO snmpQuery.snmpGet [line = 12] : New Get Query [v:1, myhome, localhost, 161, ['1.3.6.1.2.1.5.21.0', '1.3.6.1.2.1.4.3.0', '1.3.6.1.2.1.6.10.0', '1.3.6.1.2.1.7.4.0']]
09/17/2020 12:13:22 PM INFO snmpQuery.snmpWalk [line = 41] : New Walk Query [v:1, myhome, localhost, 161, 1.3.6.1.2.1.2.2.1.11]
09/17/2020 12:13:31 PM INFO snmpQuery.snmpGet [line = 12] : New Get Query [v:1, GustavoGarciaSanchez, localhost, 161, ['1.3.6.1.2.1.5.21.0', '1.3.6.1.2.1.4.3.0', '1.3.6.1.2.1.6.10.0', '1.3.6.1.2.1.7.4.0']]
09/17/2020 12:13:31 PM INFO snmpQuery.snmpWalk [line = 41] : New Walk Query [v:1, GustavoGarciaSanchez, localhost, 161, 1.3.6.1.2.1.2.2.1.11]
09/17/2020 12:13:32 PM INFO snmpQuery.snmpGet [line = 12] : New Get Query [v:1, myhome, localhost, 161, ['1.3.6.1.2.1.5.21.0', '1.3.6.1.2.1.4.3.0', '1.3.6.1.2.1.6.10.0', '1.3.6.1.2.1.7.4.0']]
09/17/2020 12:13:32 PM INFO snmpQuery.snmpWalk [line = 41] : New Walk Query [v:1, myhome, localhost, 161, 1.3.6.1.2.1.2.2.1.11]
09/17/2020 12:13:41 PM INFO snmpQuery.snmpGet [line = 12] : New Get Query [v:1, GustavoGarciaSanchez, localhost, 161, ['1.3.6.1.2.1.5.21.0', '1.3.6.1.2.1.4.3.0', '1.3.6.1.2.1.6.10.0', '1.3.6.1.2.1.7.4.0']]
09/17/2020 12:13:42 PM INFO snmpQuery.snmpWalk [line = 41] : New Walk Query [v:1, GustavoGarciaSanchez, localhost, 161, 1.3.6.1.2.1.2.2.1.11]
09/17/2020 12:13:42 PM INFO snmpQuery.snmpGet [line = 12] : New Get Query [v:1, myhome, localhost, 161, ['1.3.6.1.2.1.5.21.0', '1.3.6.1.2.1.4.3.0', '1.3.6.1.2.1.6.10.0', '1.3.6.1.2.1.7.4.0']]
09/17/2020 12:13:42 PM INFO snmpQuery.snmpWalk [line = 41] : New Walk Query [v:1, myhome, localhost, 161, 1.3.6.1.2.1.2.2.1.11]
09/17/2020 12:13:52 PM INFO snmpQuery.snmpGet [line = 12] : New Get Query [v:1, GustavoGarciaSanchez, localhost, 161, ['1.3.6.1.2.1.5.21.0', '1.3.6.1.2.1.4.3.0', '1.3.6.1.2.1.6.10.0', '1.3.6.1.2.1.7.4.0']]
09/17/2020 12:13:52 PM INFO snmpQuery.snmpWalk [line = 41] : New Walk Query [v:1, GustavoGarciaSanchez, localhost, 161, 1.3.6.1.2.1.2.2.1.11]
09/17/2020 12:13:52 PM INFO snmpQuery.snmpGet [line = 12] : New Get Query [v:1, myhome, localhost, 161, ['1.3.6.1.2.1.5.21.0', '1.3.6.1.2.1.4.3.0', '1.3.6.1.2.1.6.10.0', '1.3.6.1.2.1.7.4.0']]
09/17/2020 12:13:52 PM INFO snmpQuery.snmpWalk [line = 41] : New Walk Query [v:1, myhome, localhost, 161, 1.3.6.1.2.1.2.2.1.11]
09/17/2020 12:14:02 PM INFO snmpQuery.snmpGet [line = 12] : New Get Query [v:1, GustavoGarciaSanchez, localhost, 161, ['1.3.6.1.2.1.5.21.0', '1.3.6.1.2.1.4.3.0', '1.3.6.1.2.1.6.10.0', '1.3.6.1.2.1.7.4.0']]
09/17/2020 12:14:02 PM INFO snmpQuery.snmpWalk [line = 41] : New Walk Query [v:1, GustavoGarciaSanchez, localhost, 161, 1.3.6.1.2.1.2.2.1.11]
09/17/2020 12:14:02 PM INFO snmpQuery.snmpGet [line = 12] : New Get Query [v:1, myhome, localhost, 161, ['1.3.6.1.2.1.5.21.0', '1.3.6.1.2.1.4.3.0', '1.3.6.1.2.1.6.10.0', '1.3.6.1.2.1.7.4.0']]
09/17/2020 12:14:03 PM INFO snmpQuery.snmpWalk [line = 41] : New Walk Query [v:1, myhome, localhost, 161, 1.3.6.1.2.1.2.2.1.11]
09/17/2020 12:14:12 PM INFO snmpQuery.snmpGet [line = 12] : New Get Query [v:1, GustavoGarciaSanchez, localhost, 161, ['1.3.6.1.2.1.5.21.0', '1.3.6.1.2.1.4.3.0', '1.3.6.1.2.1.6.10.0', '1.3.6.1.2.1.7.4.0']]
09/17/2020 12:14:12 PM INFO snmpQuery.snmpWalk [line = 41] : New Walk Query [v:1, GustavoGarciaSanchez, localhost, 161, 1.3.6.1.2.1.2.2.1.11]
09/17/2020 12:14:13 PM INFO snmpQuery.snmpGet [line = 12] : New Get Query [v:1, myhome, localhost, 161, ['1.3.6.1.2.1.5.21.0', '1.3.6.1.2.1.4.3.0', '1.3.6.1.2.1.6.10.0', '1.3.6.1.2.1.7.4.0']]
09/17/2020 12:14:13 PM INFO snmpQuery.snmpWalk [line = 41] : New Walk Query [v:1, myhome, localhost, 161, 1.3.6.1.2.1.2.2.1.11]
09/17/2020 12:14:22 PM INFO snmpQuery.snmpGet [line = 12] : New Get Query [v:1, GustavoGarciaSanchez, localhost, 161, ['1.3.6.1.2.1.5.21.0', '1.3.6.1.2.1.4.3.0', '1.3.6.1.2.1.6.10.0', '1.3.6.1.2.1.7.4.0']]
09/17/2020 12:14:22 PM INFO snmpQuery.snmpWalk [line = 41] : New Walk Query [v:1, GustavoGarciaSanchez, localhost, 161, 1.3.6.1.2.1.2.2.1.11]
09/17/2020 12:14:23 PM INFO snmpQuery.snmpGet [line = 12] : New Get Query [v:1, myhome, localhost, 161, ['1.3.6.1.2.1.5.21.0', '1.3.6.1.2.1.4.3.0', '1.3.6.1.2.1.6.10.0', '1.3.6.1.2.1.7.4.0']]
09/17/2020 12:14:23 PM INFO snmpQuery.snmpWalk [line = 41] : New Walk Query [v:1, myhome, localhost, 161, 1.3.6.1.2.1.2.2.1.11]
09/17/2020 12:14:33 PM INFO snmpQuery.snmpGet [line = 12] : New Get Query [v:1, GustavoGarciaSanchez, localhost, 161, ['1.3.6.1.2.1.5.21.0', '1.3.6.1.2.1.4.3.0', '1.3.6.1.2.1.6.10.0', '1.3.6.1.2.1.7.4.0']]
09/17/2020 12:14:33 PM INFO snmpQuery.snmpWalk [line = 41] : New Walk Query [v:1, GustavoGarciaSanchez, localhost, 161, 1.3.6.1.2.1.2.2.1.11]
09/17/2020 12:14:33 PM INFO snmpQuery.snmpGet [line = 12] : New Get Query [v:1, myhome, localhost, 161, ['1.3.6.1.2.1.5.21.0', '1.3.6.1.2.1.4.3.0', '1.3.6.1.2.1.6.10.0', '1.3.6.1.2.1.7.4.0']]
09/17/2020 12:14:33 PM INFO snmpQuery.snmpWalk [line = 41] : New Walk Query [v:1, myhome, localhost, 161, 1.3.6.1.2.1.2.2.1.11]
09/17/2020 12:14:43 PM INFO snmpQuery.snmpGet [line = 12] : New Get Query [v:1, GustavoGarciaSanchez, localhost, 161, ['1.3.6.1.2.1.5.21.0', '1.3.6.1.2.1.4.3.0', '1.3.6.1.2.1.6.10.0', '1.3.6.1.2.1.7.4.0']]
09/17/2020 12:14:43 PM INFO snmpQuery.snmpWalk [line = 41] : New Walk Query [v:1, GustavoGarciaSanchez, localhost, 161, 1.3.6.1.2.1.2.2.1.11]
09/17/2020 12:14:43 PM INFO snmpQuery.snmpGet [line = 12] : New Get Query [v:1, myhome, localhost, 161, ['1.3.6.1.2.1.5.21.0', '1.3.6.1.2.1.4.3.0', '1.3.6.1.2.1.6.10.0', '1.3.6.1.2.1.7.4.0']]
09/17/2020 12:14:43 PM INFO snmpQuery.snmpWalk [line = 41] : New Walk Query [v:1, myhome, localhost, 161, 1.3.6.1.2.1.2.2.1.11]
09/17/2020 12:14:53 PM INFO snmpQuery.snmpGet [line = 12] : New Get Query [v:1, GustavoGarciaSanchez, localhost, 161, ['1.3.6.1.2.1.5.21.0', '1.3.6.1.2.1.4.3.0', '1.3.6.1.2.1.6.10.0', '1.3.6.1.2.1.7.4.0']]
09/17/2020 12:14:53 PM INFO snmpQuery.snmpWalk [line = 41] : New Walk Query [v:1, GustavoGarciaSanchez, localhost, 161, 1.3.6.1.2.1.2.2.1.11]
09/17/2020 12:14:53 PM INFO snmpQuery.snmpGet [line = 12] : New Get Query [v:1, myhome, localhost, 161, ['1.3.6.1.2.1.5.21.0', '1.3.6.1.2.1.4.3.0', '1.3.6.1.2.1.6.10.0', '1.3.6.1.2.1.7.4.0']]
09/17/2020 12:14:54 PM INFO snmpQuery.snmpWalk [line = 41] : New Walk Query [v:1, myhome, localhost, 161, 1.3.6.1.2.1.2.2.1.11]
09/17/2020 12:15:03 PM INFO snmpQuery.snmpGet [line = 12] : New Get Query [v:1, GustavoGarciaSanchez, localhost, 161, ['1.3.6.1.2.1.5.21.0', '1.3.6.1.2.1.4.3.0', '1.3.6.1.2.1.6.10.0', '1.3.6.1.2.1.7.4.0']]
09/17/2020 12:15:03 PM INFO snmpQuery.snmpWalk [line = 41] : New Walk Query [v:1, GustavoGarciaSanchez, localhost, 161, 1.3.6.1.2.1.2.2.1.11]
09/17/2020 12:15:04 PM INFO snmpQuery.snmpGet [line = 12] : New Get Query [v:1, myhome, localhost, 161, ['1.3.6.1.2.1.5.21.0', '1.3.6.1.2.1.4.3.0', '1.3.6.1.2.1.6.10.0', '1.3.6.1.2.1.7.4.0']]
09/17/2020 12:15:04 PM INFO snmpQuery.snmpWalk [line = 41] : New Walk Query [v:1, myhome, localhost, 161, 1.3.6.1.2.1.2.2.1.11]
09/17/2020 12:15:13 PM INFO snmpQuery.snmpGet [line = 12] : New Get Query [v:1, GustavoGarciaSanchez, localhost, 161, ['1.3.6.1.2.1.5.21.0', '1.3.6.1.2.1.4.3.0', '1.3.6.1.2.1.6.10.0', '1.3.6.1.2.1.7.4.0']]
09/17/2020 12:15:13 PM INFO snmpQuery.snmpWalk [line = 41] : New Walk Query [v:1, GustavoGarciaSanchez, localhost, 161, 1.3.6.1.2.1.2.2.1.11]
09/17/2020 12:15:14 PM INFO snmpQuery.snmpGet [line = 12] : New Get Query [v:1, myhome, localhost, 161, ['1.3.6.1.2.1.5.21.0', '1.3.6.1.2.1.4.3.0', '1.3.6.1.2.1.6.10.0', '1.3.6.1.2.1.7.4.0']]
09/17/2020 12:15:14 PM INFO snmpQuery.snmpWalk [line = 41] : New Walk Query [v:1, myhome, localhost, 161, 1.3.6.1.2.1.2.2.1.11]
09/17/2020 12:15:24 PM INFO snmpQuery.snmpGet [line = 12] : New Get Query [v:1, GustavoGarciaSanchez, localhost, 161, ['1.3.6.1.2.1.5.21.0', '1.3.6.1.2.1.4.3.0', '1.3.6.1.2.1.6.10.0', '1.3.6.1.2.1.7.4.0']]
09/17/2020 12:15:24 PM INFO snmpQuery.snmpWalk [line = 41] : New Walk Query [v:1, GustavoGarciaSanchez, localhost, 161, 1.3.6.1.2.1.2.2.1.11]
09/17/2020 12:15:24 PM INFO snmpQuery.snmpGet [line = 12] : New Get Query [v:1, myhome, localhost, 161, ['1.3.6.1.2.1.5.21.0', '1.3.6.1.2.1.4.3.0', '1.3.6.1.2.1.6.10.0', '1.3.6.1.2.1.7.4.0']]
09/17/2020 12:15:24 PM INFO snmpQuery.snmpWalk [line = 41] : New Walk Query [v:1, myhome, localhost, 161, 1.3.6.1.2.1.2.2.1.11]
09/17/2020 12:15:34 PM INFO snmpQuery.snmpGet [line = 12] : New Get Query [v:1, GustavoGarciaSanchez, localhost, 161, ['1.3.6.1.2.1.5.21.0', '1.3.6.1.2.1.4.3.0', '1.3.6.1.2.1.6.10.0', '1.3.6.1.2.1.7.4.0']]
09/17/2020 12:15:34 PM INFO snmpQuery.snmpWalk [line = 41] : New Walk Query [v:1, GustavoGarciaSanchez, localhost, 161, 1.3.6.1.2.1.2.2.1.11]
09/17/2020 12:15:34 PM INFO snmpQuery.snmpGet [line = 12] : New Get Query [v:1, myhome, localhost, 161, ['1.3.6.1.2.1.5.21.0', '1.3.6.1.2.1.4.3.0', '1.3.6.1.2.1.6.10.0', '1.3.6.1.2.1.7.4.0']]
09/17/2020 12:15:34 PM INFO snmpQuery.snmpWalk [line = 41] : New Walk Query [v:1, myhome, localhost, 161, 1.3.6.1.2.1.2.2.1.11]
09/17/2020 12:15:44 PM INFO snmpQuery.snmpGet [line = 12] : New Get Query [v:1, GustavoGarciaSanchez, localhost, 161, ['1.3.6.1.2.1.5.21.0', '1.3.6.1.2.1.4.3.0', '1.3.6.1.2.1.6.10.0', '1.3.6.1.2.1.7.4.0']]
09/17/2020 12:15:44 PM INFO snmpQuery.snmpWalk [line = 41] : New Walk Query [v:1, GustavoGarciaSanchez, localhost, 161, 1.3.6.1.2.1.2.2.1.11]
09/17/2020 12:15:44 PM INFO snmpQuery.snmpGet [line = 12] : New Get Query [v:1, myhome, localhost, 161, ['1.3.6.1.2.1.5.21.0', '1.3.6.1.2.1.4.3.0', '1.3.6.1.2.1.6.10.0', '1.3.6.1.2.1.7.4.0']]
09/17/2020 12:15:44 PM INFO snmpQuery.snmpWalk [line = 41] : New Walk Query [v:1, myhome, localhost, 161, 1.3.6.1.2.1.2.2.1.11]
09/17/2020 12:15:54 PM INFO snmpQuery.snmpGet [line = 12] : New Get Query [v:1, GustavoGarciaSanchez, localhost, 161, ['1.3.6.1.2.1.5.21.0', '1.3.6.1.2.1.4.3.0', '1.3.6.1.2.1.6.10.0', '1.3.6.1.2.1.7.4.0']]
09/17/2020 12:15:54 PM INFO snmpQuery.snmpWalk [line = 41] : New Walk Query [v:1, GustavoGarciaSanchez, localhost, 161, 1.3.6.1.2.1.2.2.1.11]
09/17/2020 12:15:55 PM INFO snmpQuery.snmpGet [line = 12] : New Get Query [v:1, myhome, localhost, 161, ['1.3.6.1.2.1.5.21.0', '1.3.6.1.2.1.4.3.0', '1.3.6.1.2.1.6.10.0', '1.3.6.1.2.1.7.4.0']]
09/17/2020 12:15:55 PM INFO snmpQuery.snmpWalk [line = 41] : New Walk Query [v:1, myhome, localhost, 161, 1.3.6.1.2.1.2.2.1.11]
09/17/2020 12:16:04 PM INFO snmpQuery.snmpGet [line = 12] : New Get Query [v:1, GustavoGarciaSanchez, localhost, 161, ['1.3.6.1.2.1.5.21.0', '1.3.6.1.2.1.4.3.0', '1.3.6.1.2.1.6.10.0', '1.3.6.1.2.1.7.4.0']]
09/17/2020 12:16:04 PM INFO snmpQuery.snmpWalk [line = 41] : New Walk Query [v:1, GustavoGarciaSanchez, localhost, 161, 1.3.6.1.2.1.2.2.1.11]
09/17/2020 12:16:05 PM INFO snmpQuery.snmpGet [line = 12] : New Get Query [v:1, myhome, localhost, 161, ['1.3.6.1.2.1.5.21.0', '1.3.6.1.2.1.4.3.0', '1.3.6.1.2.1.6.10.0', '1.3.6.1.2.1.7.4.0']]
09/17/2020 12:16:05 PM INFO snmpQuery.snmpWalk [line = 41] : New Walk Query [v:1, myhome, localhost, 161, 1.3.6.1.2.1.2.2.1.11]
09/17/2020 12:16:15 PM INFO snmpQuery.snmpGet [line = 12] : New Get Query [v:1, GustavoGarciaSanchez, localhost, 161, ['1.3.6.1.2.1.5.21.0', '1.3.6.1.2.1.4.3.0', '1.3.6.1.2.1.6.10.0', '1.3.6.1.2.1.7.4.0']]
09/17/2020 12:16:15 PM INFO snmpQuery.snmpWalk [line = 41] : New Walk Query [v:1, GustavoGarciaSanchez, localhost, 161, 1.3.6.1.2.1.2.2.1.11]
09/17/2020 12:16:15 PM INFO snmpQuery.snmpGet [line = 12] : New Get Query [v:1, myhome, localhost, 161, ['1.3.6.1.2.1.5.21.0', '1.3.6.1.2.1.4.3.0', '1.3.6.1.2.1.6.10.0', '1.3.6.1.2.1.7.4.0']]
09/17/2020 12:16:15 PM INFO snmpQuery.snmpWalk [line = 41] : New Walk Query [v:1, myhome, localhost, 161, 1.3.6.1.2.1.2.2.1.11]
09/17/2020 12:16:25 PM INFO snmpQuery.snmpGet [line = 12] : New Get Query [v:1, GustavoGarciaSanchez, localhost, 161, ['1.3.6.1.2.1.5.21.0', '1.3.6.1.2.1.4.3.0', '1.3.6.1.2.1.6.10.0', '1.3.6.1.2.1.7.4.0']]
09/17/2020 12:16:25 PM INFO snmpQuery.snmpWalk [line = 41] : New Walk Query [v:1, GustavoGarciaSanchez, localhost, 161, 1.3.6.1.2.1.2.2.1.11]
09/17/2020 12:16:25 PM INFO snmpQuery.snmpGet [line = 12] : New Get Query [v:1, myhome, localhost, 161, ['1.3.6.1.2.1.5.21.0', '1.3.6.1.2.1.4.3.0', '1.3.6.1.2.1.6.10.0', '1.3.6.1.2.1.7.4.0']]
09/17/2020 12:16:25 PM INFO snmpQuery.snmpWalk [line = 41] : New Walk Query [v:1, myhome, localhost, 161, 1.3.6.1.2.1.2.2.1.11]
09/17/2020 12:16:35 PM INFO snmpQuery.snmpGet [line = 12] : New Get Query [v:1, GustavoGarciaSanchez, localhost, 161, ['1.3.6.1.2.1.5.21.0', '1.3.6.1.2.1.4.3.0', '1.3.6.1.2.1.6.10.0', '1.3.6.1.2.1.7.4.0']]
09/17/2020 12:16:35 PM INFO snmpQuery.snmpWalk [line = 41] : New Walk Query [v:1, GustavoGarciaSanchez, localhost, 161, 1.3.6.1.2.1.2.2.1.11]
09/17/2020 12:16:35 PM INFO snmpQuery.snmpGet [line = 12] : New Get Query [v:1, myhome, localhost, 161, ['1.3.6.1.2.1.5.21.0', '1.3.6.1.2.1.4.3.0', '1.3.6.1.2.1.6.10.0', '1.3.6.1.2.1.7.4.0']]
09/17/2020 12:16:36 PM INFO snmpQuery.snmpWalk [line = 41] : New Walk Query [v:1, myhome, localhost, 161, 1.3.6.1.2.1.2.2.1.11]
09/17/2020 12:16:45 PM INFO snmpQuery.snmpGet [line = 12] : New Get Query [v:1, GustavoGarciaSanchez, localhost, 161, ['1.3.6.1.2.1.5.21.0', '1.3.6.1.2.1.4.3.0', '1.3.6.1.2.1.6.10.0', '1.3.6.1.2.1.7.4.0']]
09/17/2020 12:16:45 PM INFO snmpQuery.snmpWalk [line = 41] : New Walk Query [v:1, GustavoGarciaSanchez, localhost, 161, 1.3.6.1.2.1.2.2.1.11]
09/17/2020 12:16:46 PM INFO snmpQuery.snmpGet [line = 12] : New Get Query [v:1, myhome, localhost, 161, ['1.3.6.1.2.1.5.21.0', '1.3.6.1.2.1.4.3.0', '1.3.6.1.2.1.6.10.0', '1.3.6.1.2.1.7.4.0']]
09/17/2020 12:16:46 PM INFO snmpQuery.snmpWalk [line = 41] : New Walk Query [v:1, myhome, localhost, 161, 1.3.6.1.2.1.2.2.1.11]
09/17/2020 12:16:56 PM INFO snmpQuery.snmpGet [line = 12] : New Get Query [v:1, GustavoGarciaSanchez, localhost, 161, ['1.3.6.1.2.1.5.21.0', '1.3.6.1.2.1.4.3.0', '1.3.6.1.2.1.6.10.0', '1.3.6.1.2.1.7.4.0']]
09/17/2020 12:16:56 PM INFO snmpQuery.snmpWalk [line = 41] : New Walk Query [v:1, GustavoGarciaSanchez, localhost, 161, 1.3.6.1.2.1.2.2.1.11]
09/17/2020 12:16:56 PM INFO snmpQuery.snmpGet [line = 12] : New Get Query [v:1, myhome, localhost, 161, ['1.3.6.1.2.1.5.21.0', '1.3.6.1.2.1.4.3.0', '1.3.6.1.2.1.6.10.0', '1.3.6.1.2.1.7.4.0']]
09/17/2020 12:16:56 PM INFO snmpQuery.snmpWalk [line = 41] : New Walk Query [v:1, myhome, localhost, 161, 1.3.6.1.2.1.2.2.1.11]
09/17/2020 12:17:06 PM INFO snmpQuery.snmpGet [line = 12] : New Get Query [v:1, GustavoGarciaSanchez, localhost, 161, ['1.3.6.1.2.1.5.21.0', '1.3.6.1.2.1.4.3.0', '1.3.6.1.2.1.6.10.0', '1.3.6.1.2.1.7.4.0']]
09/17/2020 12:17:06 PM INFO snmpQuery.snmpWalk [line = 41] : New Walk Query [v:1, GustavoGarciaSanchez, localhost, 161, 1.3.6.1.2.1.2.2.1.11]
09/17/2020 12:17:06 PM INFO snmpQuery.snmpGet [line = 12] : New Get Query [v:1, myhome, localhost, 161, ['1.3.6.1.2.1.5.21.0', '1.3.6.1.2.1.4.3.0', '1.3.6.1.2.1.6.10.0', '1.3.6.1.2.1.7.4.0']]
09/17/2020 12:17:06 PM INFO snmpQuery.snmpWalk [line = 41] : New Walk Query [v:1, myhome, localhost, 161, 1.3.6.1.2.1.2.2.1.11]
09/17/2020 12:17:16 PM INFO snmpQuery.snmpGet [line = 12] : New Get Query [v:1, GustavoGarciaSanchez, localhost, 161, ['1.3.6.1.2.1.5.21.0', '1.3.6.1.2.1.4.3.0', '1.3.6.1.2.1.6.10.0', '1.3.6.1.2.1.7.4.0']]
09/17/2020 12:17:16 PM INFO snmpQuery.snmpWalk [line = 41] : New Walk Query [v:1, GustavoGarciaSanchez, localhost, 161, 1.3.6.1.2.1.2.2.1.11]
09/17/2020 12:17:16 PM INFO snmpQuery.snmpGet [line = 12] : New Get Query [v:1, myhome, localhost, 161, ['1.3.6.1.2.1.5.21.0', '1.3.6.1.2.1.4.3.0', '1.3.6.1.2.1.6.10.0', '1.3.6.1.2.1.7.4.0']]
09/17/2020 12:17:16 PM INFO snmpQuery.snmpWalk [line = 41] : New Walk Query [v:1, myhome, localhost, 161, 1.3.6.1.2.1.2.2.1.11]
09/17/2020 12:17:26 PM INFO snmpQuery.snmpGet [line = 12] : New Get Query [v:1, GustavoGarciaSanchez, localhost, 161, ['1.3.6.1.2.1.5.21.0', '1.3.6.1.2.1.4.3.0', '1.3.6.1.2.1.6.10.0', '1.3.6.1.2.1.7.4.0']]
09/17/2020 12:17:26 PM INFO snmpQuery.snmpWalk [line = 41] : New Walk Query [v:1, GustavoGarciaSanchez, localhost, 161, 1.3.6.1.2.1.2.2.1.11]
09/17/2020 12:17:27 PM INFO snmpQuery.snmpGet [line = 12] : New Get Query [v:1, myhome, localhost, 161, ['1.3.6.1.2.1.5.21.0', '1.3.6.1.2.1.4.3.0', '1.3.6.1.2.1.6.10.0', '1.3.6.1.2.1.7.4.0']]
09/17/2020 12:17:27 PM INFO snmpQuery.snmpWalk [line = 41] : New Walk Query [v:1, myhome, localhost, 161, 1.3.6.1.2.1.2.2.1.11]
09/17/2020 12:17:36 PM INFO snmpQuery.snmpGet [line = 12] : New Get Query [v:1, GustavoGarciaSanchez, localhost, 161, ['1.3.6.1.2.1.5.21.0', '1.3.6.1.2.1.4.3.0', '1.3.6.1.2.1.6.10.0', '1.3.6.1.2.1.7.4.0']]
09/17/2020 12:17:36 PM INFO snmpQuery.snmpWalk [line = 41] : New Walk Query [v:1, GustavoGarciaSanchez, localhost, 161, 1.3.6.1.2.1.2.2.1.11]
09/17/2020 12:17:37 PM INFO snmpQuery.snmpGet [line = 12] : New Get Query [v:1, myhome, localhost, 161, ['1.3.6.1.2.1.5.21.0', '1.3.6.1.2.1.4.3.0', '1.3.6.1.2.1.6.10.0', '1.3.6.1.2.1.7.4.0']]
09/17/2020 12:17:37 PM INFO snmpQuery.snmpWalk [line = 41] : New Walk Query [v:1, myhome, localhost, 161, 1.3.6.1.2.1.2.2.1.11]
09/17/2020 12:17:47 PM INFO snmpQuery.snmpGet [line = 12] : New Get Query [v:1, GustavoGarciaSanchez, localhost, 161, ['1.3.6.1.2.1.5.21.0', '1.3.6.1.2.1.4.3.0', '1.3.6.1.2.1.6.10.0', '1.3.6.1.2.1.7.4.0']]
09/17/2020 12:17:47 PM INFO snmpQuery.snmpWalk [line = 41] : New Walk Query [v:1, GustavoGarciaSanchez, localhost, 161, 1.3.6.1.2.1.2.2.1.11]
09/17/2020 12:17:47 PM INFO snmpQuery.snmpGet [line = 12] : New Get Query [v:1, myhome, localhost, 161, ['1.3.6.1.2.1.5.21.0', '1.3.6.1.2.1.4.3.0', '1.3.6.1.2.1.6.10.0', '1.3.6.1.2.1.7.4.0']]
09/17/2020 12:17:47 PM INFO snmpQuery.snmpWalk [line = 41] : New Walk Query [v:1, myhome, localhost, 161, 1.3.6.1.2.1.2.2.1.11]
09/17/2020 12:17:57 PM INFO snmpQuery.snmpGet [line = 12] : New Get Query [v:1, GustavoGarciaSanchez, localhost, 161, ['1.3.6.1.2.1.5.21.0', '1.3.6.1.2.1.4.3.0', '1.3.6.1.2.1.6.10.0', '1.3.6.1.2.1.7.4.0']]
09/17/2020 12:17:57 PM INFO snmpQuery.snmpWalk [line = 41] : New Walk Query [v:1, GustavoGarciaSanchez, localhost, 161, 1.3.6.1.2.1.2.2.1.11]
09/17/2020 12:17:57 PM INFO snmpQuery.snmpGet [line = 12] : New Get Query [v:1, myhome, localhost, 161, ['1.3.6.1.2.1.5.21.0', '1.3.6.1.2.1.4.3.0', '1.3.6.1.2.1.6.10.0', '1.3.6.1.2.1.7.4.0']]
09/17/2020 12:17:57 PM INFO snmpQuery.snmpWalk [line = 41] : New Walk Query [v:1, myhome, localhost, 161, 1.3.6.1.2.1.2.2.1.11]
09/17/2020 12:18:07 PM INFO snmpQuery.snmpGet [line = 12] : New Get Query [v:1, GustavoGarciaSanchez, localhost, 161, ['1.3.6.1.2.1.5.21.0', '1.3.6.1.2.1.4.3.0', '1.3.6.1.2.1.6.10.0', '1.3.6.1.2.1.7.4.0']]
09/17/2020 12:18:07 PM INFO snmpQuery.snmpWalk [line = 41] : New Walk Query [v:1, GustavoGarciaSanchez, localhost, 161, 1.3.6.1.2.1.2.2.1.11]
09/17/2020 12:18:07 PM INFO snmpQuery.snmpGet [line = 12] : New Get Query [v:1, myhome, localhost, 161, ['1.3.6.1.2.1.5.21.0', '1.3.6.1.2.1.4.3.0', '1.3.6.1.2.1.6.10.0', '1.3.6.1.2.1.7.4.0']]
09/17/2020 12:18:07 PM INFO snmpQuery.snmpWalk [line = 41] : New Walk Query [v:1, myhome, localhost, 161, 1.3.6.1.2.1.2.2.1.11]
09/17/2020 12:18:17 PM INFO snmpQuery.snmpGet [line = 12] : New Get Query [v:1, GustavoGarciaSanchez, localhost, 161, ['1.3.6.1.2.1.5.21.0', '1.3.6.1.2.1.4.3.0', '1.3.6.1.2.1.6.10.0', '1.3.6.1.2.1.7.4.0']]
09/17/2020 12:18:17 PM INFO snmpQuery.snmpWalk [line = 41] : New Walk Query [v:1, GustavoGarciaSanchez, localhost, 161, 1.3.6.1.2.1.2.2.1.11]
09/17/2020 12:18:18 PM INFO snmpQuery.snmpGet [line = 12] : New Get Query [v:1, myhome, localhost, 161, ['1.3.6.1.2.1.5.21.0', '1.3.6.1.2.1.4.3.0', '1.3.6.1.2.1.6.10.0', '1.3.6.1.2.1.7.4.0']]
09/17/2020 12:18:18 PM INFO snmpQuery.snmpWalk [line = 41] : New Walk Query [v:1, myhome, localhost, 161, 1.3.6.1.2.1.2.2.1.11]
09/17/2020 12:18:27 PM INFO snmpQuery.snmpGet [line = 12] : New Get Query [v:1, GustavoGarciaSanchez, localhost, 161, ['1.3.6.1.2.1.5.21.0', '1.3.6.1.2.1.4.3.0', '1.3.6.1.2.1.6.10.0', '1.3.6.1.2.1.7.4.0']]
09/17/2020 12:18:28 PM INFO snmpQuery.snmpWalk [line = 41] : New Walk Query [v:1, GustavoGarciaSanchez, localhost, 161, 1.3.6.1.2.1.2.2.1.11]
09/17/2020 12:18:28 PM INFO snmpQuery.snmpGet [line = 12] : New Get Query [v:1, myhome, localhost, 161, ['1.3.6.1.2.1.5.21.0', '1.3.6.1.2.1.4.3.0', '1.3.6.1.2.1.6.10.0', '1.3.6.1.2.1.7.4.0']]
09/17/2020 12:18:28 PM INFO snmpQuery.snmpWalk [line = 41] : New Walk Query [v:1, myhome, localhost, 161, 1.3.6.1.2.1.2.2.1.11]
09/17/2020 12:18:38 PM INFO snmpQuery.snmpGet [line = 12] : New Get Query [v:1, GustavoGarciaSanchez, localhost, 161, ['1.3.6.1.2.1.5.21.0', '1.3.6.1.2.1.4.3.0', '1.3.6.1.2.1.6.10.0', '1.3.6.1.2.1.7.4.0']]
09/17/2020 12:18:38 PM INFO snmpQuery.snmpWalk [line = 41] : New Walk Query [v:1, GustavoGarciaSanchez, localhost, 161, 1.3.6.1.2.1.2.2.1.11]
09/17/2020 12:18:38 PM INFO snmpQuery.snmpGet [line = 12] : New Get Query [v:1, myhome, localhost, 161, ['1.3.6.1.2.1.5.21.0', '1.3.6.1.2.1.4.3.0', '1.3.6.1.2.1.6.10.0', '1.3.6.1.2.1.7.4.0']]
09/17/2020 12:18:38 PM INFO snmpQuery.snmpWalk [line = 41] : New Walk Query [v:1, myhome, localhost, 161, 1.3.6.1.2.1.2.2.1.11]
